#
# There is insufficient memory for the Java Runtime Environment to continue.
# Native memory allocation (malloc) failed to allocate 359936 bytes for Chunk::new
# Possible reasons:
#   The system is out of physical RAM or swap space
#   The process is running with CompressedOops enabled, and the Java Heap may be blocking the growth of the native heap
# Possible solutions:
#   Reduce memory load on the system
#   Increase physical memory or swap space
#   Check if swap backing store is full
#   Decrease Java heap size (-Xmx/-Xms)
#   Decrease number of Java threads
#   Decrease Java thread stack sizes (-Xss)
#   Set larger code cache with -XX:ReservedCodeCacheSize=
#   JVM is running with Unscaled Compressed Oops mode in which the Java heap is
#     placed in the first 4GB address space. The Java Heap base address is the
#     maximum limit for the native heap growth. Please use -XX:HeapBaseMinAddress
#     to set the Java Heap base and to place the Java Heap above 4GB virtual address.
# This output file may be truncated or incomplete.
#
#  Out of Memory Error (arena.cpp:189), pid=22992, tid=18264
#
# JRE version: OpenJDK Runtime Environment Temurin-17.0.8.1+1 (17.0.8.1+1) (build 17.0.8.1+1)
# Java VM: OpenJDK 64-Bit Server VM Temurin-17.0.8.1+1 (17.0.8.1+1, mixed mode, tiered, compressed oops, compressed class ptrs, g1 gc, windows-amd64)
# No core dump will be written. Minidumps are not enabled by default on client versions of Windows
#

---------------  S U M M A R Y ------------

Command Line: --add-opens=java.base/java.util=ALL-UNNAMED --add-opens=java.base/java.lang=ALL-UNNAMED --add-opens=java.base/java.lang.invoke=ALL-UNNAMED --add-opens=java.base/java.util=ALL-UNNAMED --add-opens=java.prefs/java.util.prefs=ALL-UNNAMED --add-opens=java.prefs/java.util.prefs=ALL-UNNAMED --add-opens=java.base/java.nio.charset=ALL-UNNAMED --add-opens=java.base/java.net=ALL-UNNAMED --add-opens=java.base/java.util.concurrent.atomic=ALL-UNNAMED -Xmx1536M -Dfile.encoding=utf8 -Duser.country=IN -Duser.language=en -Duser.variant org.gradle.launcher.daemon.bootstrap.GradleDaemon 7.4

Host: 11th Gen Intel(R) Core(TM) i5-1135G7 @ 2.40GHz, 8 cores, 7G,  Windows 10 , 64 bit Build 19041 (10.0.19041.3031)
Time: Fri Oct 27 02:06:33 2023 India Standard Time elapsed time: 979.797447 seconds (0d 0h 16m 19s)

---------------  T H R E A D  ---------------

Current thread (0x00000218a5a98b40):  JavaThread "C2 CompilerThread0" daemon [_thread_in_native, id=18264, stack(0x0000002643b00000,0x0000002643c00000)]


Current CompileTask:
C2: 979798 17464 %     4       sun.security.provider.SHA::implCompress0 @ 27 (506 bytes)

Stack: [0x0000002643b00000,0x0000002643c00000]
Native frames: (J=compiled Java code, j=interpreted, Vv=VM code, C=native code)
V  [jvm.dll+0x678b0a]
V  [jvm.dll+0x835e84]
V  [jvm.dll+0x83762e]
V  [jvm.dll+0x837c93]
V  [jvm.dll+0x24746f]
V  [jvm.dll+0xac20c]
V  [jvm.dll+0xac7dc]
V  [jvm.dll+0x2ae7af]
V  [jvm.dll+0x581427]
V  [jvm.dll+0x222602]
V  [jvm.dll+0x2229df]
V  [jvm.dll+0x21ba55]
V  [jvm.dll+0x218f0b]
V  [jvm.dll+0x1a534d]
V  [jvm.dll+0x228d8a]
V  [jvm.dll+0x226dcc]
V  [jvm.dll+0x7ec09b]
V  [jvm.dll+0x7e64ca]
V  [jvm.dll+0x677955]
C  [ucrtbase.dll+0x21bb2]
C  [KERNEL32.DLL+0x17614]
C  [ntdll.dll+0x526f1]


---------------  P R O C E S S  ---------------

Threads class SMR info:
_java_thread_list=0x00000218b62e22f0, length=43, elements={
0x000002188b698a30, 0x00000218a5962390, 0x00000218a5962f50, 0x00000218a5985160,
0x00000218a5985c30, 0x00000218a5988510, 0x00000218a5989580, 0x00000218a5a98b40,
0x00000218a5a99bf0, 0x00000218a5aa7480, 0x00000218a5c3b9d0, 0x00000218a5c4a7c0,
0x00000218abea3230, 0x00000218ab7ce9a0, 0x00000218ab888cd0, 0x00000218aa1c37b0,
0x00000218aa1c3cc0, 0x00000218aa1c4bf0, 0x00000218aa1c46e0, 0x00000218aa1c41d0,
0x00000218aa1c5100, 0x00000218aaea0570, 0x00000218aaea14a0, 0x00000218aaea3810,
0x00000218aaea3300, 0x00000218aaea1ec0, 0x00000218aaea23d0, 0x00000218ac3d7840,
0x00000218ac3dd870, 0x00000218ac3ddd80, 0x00000218af29bed0, 0x00000218af2968c0,
0x00000218af29a580, 0x00000218ac3d9190, 0x00000218b5537390, 0x00000218b5e60590,
0x00000218aeccc680, 0x00000218ac3daff0, 0x00000218ac3d96a0, 0x00000218ac3dd360,
0x00000218b5539700, 0x00000218b55378a0, 0x00000218b55382c0
}

Java Threads: ( => current thread )
  0x000002188b698a30 JavaThread "main" [_thread_blocked, id=4852, stack(0x0000002642e00000,0x0000002642f00000)]
  0x00000218a5962390 JavaThread "Reference Handler" daemon [_thread_blocked, id=1988, stack(0x0000002643500000,0x0000002643600000)]
  0x00000218a5962f50 JavaThread "Finalizer" daemon [_thread_blocked, id=24592, stack(0x0000002643600000,0x0000002643700000)]
  0x00000218a5985160 JavaThread "Signal Dispatcher" daemon [_thread_blocked, id=15468, stack(0x0000002643700000,0x0000002643800000)]
  0x00000218a5985c30 JavaThread "Attach Listener" daemon [_thread_blocked, id=11960, stack(0x0000002643800000,0x0000002643900000)]
  0x00000218a5988510 JavaThread "Service Thread" daemon [_thread_blocked, id=25436, stack(0x0000002643900000,0x0000002643a00000)]
  0x00000218a5989580 JavaThread "Monitor Deflation Thread" daemon [_thread_blocked, id=23508, stack(0x0000002643a00000,0x0000002643b00000)]
=>0x00000218a5a98b40 JavaThread "C2 CompilerThread0" daemon [_thread_in_native, id=18264, stack(0x0000002643b00000,0x0000002643c00000)]
  0x00000218a5a99bf0 JavaThread "C1 CompilerThread0" daemon [_thread_blocked, id=12520, stack(0x0000002643c00000,0x0000002643d00000)]
  0x00000218a5aa7480 JavaThread "Sweeper thread" daemon [_thread_blocked, id=23040, stack(0x0000002643d00000,0x0000002643e00000)]
  0x00000218a5c3b9d0 JavaThread "Common-Cleaner" daemon [_thread_blocked, id=18708, stack(0x0000002643e00000,0x0000002643f00000)]
  0x00000218a5c4a7c0 JavaThread "Notification Thread" daemon [_thread_blocked, id=7368, stack(0x0000002643f00000,0x0000002644000000)]
  0x00000218abea3230 JavaThread "Daemon health stats" [_thread_blocked, id=21176, stack(0x0000002644600000,0x0000002644700000)]
  0x00000218ab7ce9a0 JavaThread "Incoming local TCP Connector on port 50381" [_thread_in_native, id=22808, stack(0x0000002644700000,0x0000002644800000)]
  0x00000218ab888cd0 JavaThread "Daemon periodic checks" [_thread_blocked, id=10600, stack(0x0000002644800000,0x0000002644900000)]
  0x00000218aa1c37b0 JavaThread "Cache worker for journal cache (C:\Users\Abhishek\.gradle\caches\journal-1)" [_thread_blocked, id=4952, stack(0x0000002645000000,0x0000002645100000)]
  0x00000218aa1c3cc0 JavaThread "File lock request listener" [_thread_in_native, id=21120, stack(0x0000002645100000,0x0000002645200000)]
  0x00000218aa1c4bf0 JavaThread "Cache worker for file hash cache (C:\Users\Abhishek\.gradle\caches\7.4\fileHashes)" [_thread_blocked, id=22304, stack(0x0000002645200000,0x0000002645300000)]
  0x00000218aa1c46e0 JavaThread "File watcher server" daemon [_thread_in_native, id=16792, stack(0x0000002645700000,0x0000002645800000)]
  0x00000218aa1c41d0 JavaThread "File watcher consumer" daemon [_thread_blocked, id=24488, stack(0x0000002645800000,0x0000002645900000)]
  0x00000218aa1c5100 JavaThread "jar transforms" [_thread_blocked, id=15328, stack(0x0000002645900000,0x0000002645a00000)]
  0x00000218aaea0570 JavaThread "jar transforms Thread 2" [_thread_blocked, id=13712, stack(0x0000002645a00000,0x0000002645b00000)]
  0x00000218aaea14a0 JavaThread "Cache worker for execution history cache (C:\Users\Abhishek\.gradle\caches\7.4\executionHistory)" [_thread_blocked, id=3744, stack(0x0000002645f00000,0x0000002646000000)]
  0x00000218aaea3810 JavaThread "jar transforms Thread 3" [_thread_blocked, id=20640, stack(0x0000002646000000,0x0000002646100000)]
  0x00000218aaea3300 JavaThread "jar transforms Thread 4" [_thread_blocked, id=21216, stack(0x0000002646100000,0x0000002646200000)]
  0x00000218aaea1ec0 JavaThread "Cache worker for file content cache (C:\Users\Abhishek\.gradle\caches\7.4\fileContent)" [_thread_blocked, id=2536, stack(0x0000002646200000,0x0000002646300000)]
  0x00000218aaea23d0 JavaThread "jar transforms Thread 5" [_thread_blocked, id=21412, stack(0x0000002646300000,0x0000002646400000)]
  0x00000218ac3d7840 JavaThread "jar transforms Thread 6" [_thread_blocked, id=23368, stack(0x0000002646400000,0x0000002646500000)]
  0x00000218ac3dd870 JavaThread "jar transforms Thread 7" [_thread_blocked, id=7700, stack(0x0000002646500000,0x0000002646600000)]
  0x00000218ac3ddd80 JavaThread "jar transforms Thread 8" [_thread_blocked, id=14944, stack(0x0000002646600000,0x0000002646700000)]
  0x00000218af29bed0 JavaThread "Memory manager" [_thread_blocked, id=19568, stack(0x0000002645e00000,0x0000002645f00000)]
  0x00000218af2968c0 JavaThread "Cache worker for kotlin-dsl (C:\Users\Abhishek\.gradle\caches\7.4\kotlin-dsl)" [_thread_blocked, id=24824, stack(0x000000264bb00000,0x000000264bc00000)]
  0x00000218af29a580 JavaThread "pool-3-thread-1" [_thread_blocked, id=12512, stack(0x000000264be00000,0x000000264bf00000)]
  0x00000218ac3d9190 JavaThread "pool-6-thread-1" [_thread_blocked, id=18500, stack(0x000000264c100000,0x000000264c200000)]
  0x00000218b5537390 JavaThread "pool-9-thread-1" [_thread_blocked, id=21724, stack(0x000000264c300000,0x000000264c400000)]
  0x00000218b5e60590 JavaThread "pool-12-thread-1" [_thread_blocked, id=18324, stack(0x000000264c000000,0x000000264c100000)]
  0x00000218aeccc680 JavaThread "Daemon Thread 2" [_thread_blocked, id=3036, stack(0x0000002642b00000,0x0000002642c00000)]
  0x00000218ac3daff0 JavaThread "Handler for socket connection from /127.0.0.1:50381 to /127.0.0.1:53132" [_thread_in_native, id=23532, stack(0x0000002642c00000,0x0000002642d00000)]
  0x00000218ac3d96a0 JavaThread "Cancel handler" [_thread_blocked, id=18244, stack(0x0000002642d00000,0x0000002642e00000)]
  0x00000218ac3dd360 JavaThread "Daemon worker Thread 2" [_thread_in_vm, id=20880, stack(0x0000002644400000,0x0000002644500000)]
  0x00000218b5539700 JavaThread "Asynchronous log dispatcher for DefaultDaemonConnection: socket connection from /127.0.0.1:50381 to /127.0.0.1:53132" [_thread_blocked, id=9628, stack(0x0000002644900000,0x0000002644a00000)]
  0x00000218b55378a0 JavaThread "Stdin handler" [_thread_blocked, id=14228, stack(0x0000002644a00000,0x0000002644b00000)]
  0x00000218b55382c0 JavaThread "Daemon client event forwarder" [_thread_blocked, id=14260, stack(0x0000002644b00000,0x0000002644c00000)]

Other Threads:
  0x00000218a59474e0 VMThread "VM Thread" [stack: 0x0000002643400000,0x0000002643500000] [id=4040]
  0x00000218a58e17f0 WatcherThread [stack: 0x0000002644000000,0x0000002644100000] [id=9088]
  0x000002188b6e6200 GCTaskThread "GC Thread#0" [stack: 0x0000002642f00000,0x0000002643000000] [id=24240]
  0x00000218a5e8d5d0 GCTaskThread "GC Thread#1" [stack: 0x0000002644100000,0x0000002644200000] [id=22532]
  0x00000218a5e8e6f0 GCTaskThread "GC Thread#2" [stack: 0x0000002644200000,0x0000002644300000] [id=1216]
  0x00000218aaa6d7f0 GCTaskThread "GC Thread#3" [stack: 0x0000002644300000,0x0000002644400000] [id=22684]
  0x00000218ab0b8d30 GCTaskThread "GC Thread#4" [stack: 0x0000002644500000,0x0000002644600000] [id=13544]
  0x00000218ab392430 GCTaskThread "GC Thread#5" [stack: 0x0000002645300000,0x0000002645400000] [id=15820]
  0x00000218a5d5dfe0 GCTaskThread "GC Thread#6" [stack: 0x0000002645400000,0x0000002645500000] [id=6100]
  0x00000218ab915a20 GCTaskThread "GC Thread#7" [stack: 0x0000002645500000,0x0000002645600000] [id=16928]
  0x000002188b6f3150 ConcurrentGCThread "G1 Main Marker" [stack: 0x0000002643000000,0x0000002643100000] [id=1268]
  0x000002188b6f5310 ConcurrentGCThread "G1 Conc#0" [stack: 0x0000002643100000,0x0000002643200000] [id=4300]
  0x00000218a5e43330 ConcurrentGCThread "G1 Conc#1" [stack: 0x0000002645600000,0x0000002645700000] [id=17400]
  0x000002188b75d500 ConcurrentGCThread "G1 Refine#0" [stack: 0x0000002643200000,0x0000002643300000] [id=24332]
  0x000002188b75df30 ConcurrentGCThread "G1 Service" [stack: 0x0000002643300000,0x0000002643400000] [id=11892]

Threads with active compile tasks:
C2 CompilerThread0   979856 17464 %     4       sun.security.provider.SHA::implCompress0 @ 27 (506 bytes)

VM state: not at safepoint (normal execution)

VM Mutex/Monitor currently owned by a thread: None

Heap address: 0x00000000a0000000, size: 1536 MB, Compressed Oops mode: 32-bit

CDS archive(s) not mapped
Compressed class space mapped at: 0x0000000100000000-0x0000000140000000, reserved size: 1073741824
Narrow klass base: 0x0000000000000000, Narrow klass shift: 3, Narrow klass range: 0x140000000

GC Precious Log:
 CPUs: 8 total, 8 available
 Memory: 7926M
 Large Page Support: Disabled
 NUMA Support: Disabled
 Compressed Oops: Enabled (32-bit)
 Heap Region Size: 1M
 Heap Min Capacity: 8M
 Heap Initial Capacity: 124M
 Heap Max Capacity: 1536M
 Pre-touch: Disabled
 Parallel Workers: 8
 Concurrent Workers: 2
 Concurrent Refinement Workers: 8
 Periodic GC: Disabled

Heap:
 garbage-first heap   total 327680K, used 269956K [0x00000000a0000000, 0x0000000100000000)
  region size 1024K, 15 young (15360K), 1 survivors (1024K)
 Metaspace       used 103383K, committed 104896K, reserved 1179648K
  class space    used 13708K, committed 14400K, reserved 1048576K

Heap Regions: E=young(eden), S=young(survivor), O=old, HS=humongous(starts), HC=humongous(continues), CS=collection set, F=free, OA=open archive, CA=closed archive, TAMS=top-at-mark-start (previous, next)
|   0|0x00000000a0000000, 0x00000000a0100000, 0x00000000a0100000|100%| O|  |TAMS 0x00000000a0100000, 0x00000000a0000000| Untracked 
|   1|0x00000000a0100000, 0x00000000a0200000, 0x00000000a0200000|100%| O|  |TAMS 0x00000000a0200000, 0x00000000a0100000| Untracked 
|   2|0x00000000a0200000, 0x00000000a0300000, 0x00000000a0300000|100%| O|  |TAMS 0x00000000a0300000, 0x00000000a0200000| Untracked 
|   3|0x00000000a0300000, 0x00000000a0400000, 0x00000000a0400000|100%|HS|  |TAMS 0x00000000a0400000, 0x00000000a0300000| Complete 
|   4|0x00000000a0400000, 0x00000000a0500000, 0x00000000a0500000|100%|HC|  |TAMS 0x00000000a0500000, 0x00000000a0400000| Complete 
|   5|0x00000000a0500000, 0x00000000a0600000, 0x00000000a0600000|100%|HC|  |TAMS 0x00000000a0600000, 0x00000000a0500000| Complete 
|   6|0x00000000a0600000, 0x00000000a0700000, 0x00000000a0700000|100%| O|  |TAMS 0x00000000a0700000, 0x00000000a0600000| Untracked 
|   7|0x00000000a0700000, 0x00000000a0800000, 0x00000000a0800000|100%| O|  |TAMS 0x00000000a0800000, 0x00000000a0700000| Untracked 
|   8|0x00000000a0800000, 0x00000000a0900000, 0x00000000a0900000|100%| O|  |TAMS 0x00000000a0900000, 0x00000000a0800000| Untracked 
|   9|0x00000000a0900000, 0x00000000a0a00000, 0x00000000a0a00000|100%| O|  |TAMS 0x00000000a0a00000, 0x00000000a0900000| Untracked 
|  10|0x00000000a0a00000, 0x00000000a0b00000, 0x00000000a0b00000|100%| O|  |TAMS 0x00000000a0b00000, 0x00000000a0a00000| Untracked 
|  11|0x00000000a0b00000, 0x00000000a0c00000, 0x00000000a0c00000|100%| O|  |TAMS 0x00000000a0c00000, 0x00000000a0b00000| Untracked 
|  12|0x00000000a0c00000, 0x00000000a0d00000, 0x00000000a0d00000|100%| O|  |TAMS 0x00000000a0d00000, 0x00000000a0c00000| Untracked 
|  13|0x00000000a0d00000, 0x00000000a0e00000, 0x00000000a0e00000|100%| O|  |TAMS 0x00000000a0e00000, 0x00000000a0d00000| Untracked 
|  14|0x00000000a0e00000, 0x00000000a0f00000, 0x00000000a0f00000|100%| O|  |TAMS 0x00000000a0f00000, 0x00000000a0e00000| Untracked 
|  15|0x00000000a0f00000, 0x00000000a1000000, 0x00000000a1000000|100%| O|  |TAMS 0x00000000a1000000, 0x00000000a0f00000| Untracked 
|  16|0x00000000a1000000, 0x00000000a1100000, 0x00000000a1100000|100%| O|  |TAMS 0x00000000a1100000, 0x00000000a1000000| Untracked 
|  17|0x00000000a1100000, 0x00000000a1200000, 0x00000000a1200000|100%| O|  |TAMS 0x00000000a1200000, 0x00000000a1100000| Untracked 
|  18|0x00000000a1200000, 0x00000000a1300000, 0x00000000a1300000|100%| O|  |TAMS 0x00000000a1300000, 0x00000000a1200000| Untracked 
|  19|0x00000000a1300000, 0x00000000a1400000, 0x00000000a1400000|100%| O|  |TAMS 0x00000000a1400000, 0x00000000a1300000| Untracked 
|  20|0x00000000a1400000, 0x00000000a1500000, 0x00000000a1500000|100%| O|  |TAMS 0x00000000a1500000, 0x00000000a1400000| Untracked 
|  21|0x00000000a1500000, 0x00000000a1600000, 0x00000000a1600000|100%| O|  |TAMS 0x00000000a1600000, 0x00000000a1500000| Untracked 
|  22|0x00000000a1600000, 0x00000000a1700000, 0x00000000a1700000|100%| O|  |TAMS 0x00000000a1700000, 0x00000000a1600000| Untracked 
|  23|0x00000000a1700000, 0x00000000a1800000, 0x00000000a1800000|100%| O|  |TAMS 0x00000000a1800000, 0x00000000a1700000| Untracked 
|  24|0x00000000a1800000, 0x00000000a1900000, 0x00000000a1900000|100%| O|  |TAMS 0x00000000a1900000, 0x00000000a1800000| Untracked 
|  25|0x00000000a1900000, 0x00000000a1a00000, 0x00000000a1a00000|100%| O|  |TAMS 0x00000000a1a00000, 0x00000000a1900000| Untracked 
|  26|0x00000000a1a00000, 0x00000000a1b00000, 0x00000000a1b00000|100%| O|  |TAMS 0x00000000a1b00000, 0x00000000a1a00000| Untracked 
|  27|0x00000000a1b00000, 0x00000000a1c00000, 0x00000000a1c00000|100%| O|  |TAMS 0x00000000a1c00000, 0x00000000a1b00000| Untracked 
|  28|0x00000000a1c00000, 0x00000000a1d00000, 0x00000000a1d00000|100%| O|  |TAMS 0x00000000a1d00000, 0x00000000a1c00000| Untracked 
|  29|0x00000000a1d00000, 0x00000000a1e00000, 0x00000000a1e00000|100%| O|  |TAMS 0x00000000a1e00000, 0x00000000a1d00000| Untracked 
|  30|0x00000000a1e00000, 0x00000000a1f00000, 0x00000000a1f00000|100%| O|  |TAMS 0x00000000a1f00000, 0x00000000a1e00000| Untracked 
|  31|0x00000000a1f00000, 0x00000000a2000000, 0x00000000a2000000|100%| O|  |TAMS 0x00000000a2000000, 0x00000000a1f00000| Untracked 
|  32|0x00000000a2000000, 0x00000000a2100000, 0x00000000a2100000|100%| O|  |TAMS 0x00000000a2100000, 0x00000000a2000000| Untracked 
|  33|0x00000000a2100000, 0x00000000a2200000, 0x00000000a2200000|100%| O|  |TAMS 0x00000000a2200000, 0x00000000a2100000| Untracked 
|  34|0x00000000a2200000, 0x00000000a2300000, 0x00000000a2300000|100%| O|  |TAMS 0x00000000a2300000, 0x00000000a2200000| Untracked 
|  35|0x00000000a2300000, 0x00000000a2400000, 0x00000000a2400000|100%| O|  |TAMS 0x00000000a2400000, 0x00000000a2300000| Untracked 
|  36|0x00000000a2400000, 0x00000000a2500000, 0x00000000a2500000|100%| O|  |TAMS 0x00000000a2500000, 0x00000000a2400000| Untracked 
|  37|0x00000000a2500000, 0x00000000a2600000, 0x00000000a2600000|100%| O|  |TAMS 0x00000000a2500000, 0x00000000a2500000| Untracked 
|  38|0x00000000a2600000, 0x00000000a2700000, 0x00000000a2700000|100%| O|  |TAMS 0x00000000a2700000, 0x00000000a2600000| Untracked 
|  39|0x00000000a2700000, 0x00000000a2800000, 0x00000000a2800000|100%| O|  |TAMS 0x00000000a2700000, 0x00000000a2700000| Untracked 
|  40|0x00000000a2800000, 0x00000000a2900000, 0x00000000a2900000|100%| O|  |TAMS 0x00000000a2900000, 0x00000000a2800000| Untracked 
|  41|0x00000000a2900000, 0x00000000a2a00000, 0x00000000a2a00000|100%|HS|  |TAMS 0x00000000a2a00000, 0x00000000a2900000| Complete 
|  42|0x00000000a2a00000, 0x00000000a2b00000, 0x00000000a2b00000|100%|HS|  |TAMS 0x00000000a2b00000, 0x00000000a2a00000| Complete 
|  43|0x00000000a2b00000, 0x00000000a2c00000, 0x00000000a2c00000|100%|HC|  |TAMS 0x00000000a2c00000, 0x00000000a2b00000| Complete 
|  44|0x00000000a2c00000, 0x00000000a2d00000, 0x00000000a2d00000|100%|HS|  |TAMS 0x00000000a2d00000, 0x00000000a2c00000| Complete 
|  45|0x00000000a2d00000, 0x00000000a2e00000, 0x00000000a2e00000|100%|HS|  |TAMS 0x00000000a2e00000, 0x00000000a2d00000| Complete 
|  46|0x00000000a2e00000, 0x00000000a2f00000, 0x00000000a2f00000|100%|HC|  |TAMS 0x00000000a2f00000, 0x00000000a2e00000| Complete 
|  47|0x00000000a2f00000, 0x00000000a3000000, 0x00000000a3000000|100%|HC|  |TAMS 0x00000000a3000000, 0x00000000a2f00000| Complete 
|  48|0x00000000a3000000, 0x00000000a3100000, 0x00000000a3100000|100%|HC|  |TAMS 0x00000000a3100000, 0x00000000a3000000| Complete 
|  49|0x00000000a3100000, 0x00000000a3200000, 0x00000000a3200000|100%| O|  |TAMS 0x00000000a3200000, 0x00000000a3100000| Untracked 
|  50|0x00000000a3200000, 0x00000000a3300000, 0x00000000a3300000|100%|HS|  |TAMS 0x00000000a3300000, 0x00000000a3200000| Complete 
|  51|0x00000000a3300000, 0x00000000a3400000, 0x00000000a3400000|100%|HC|  |TAMS 0x00000000a3400000, 0x00000000a3300000| Complete 
|  52|0x00000000a3400000, 0x00000000a3500000, 0x00000000a3500000|100%| O|  |TAMS 0x00000000a3500000, 0x00000000a3400000| Untracked 
|  53|0x00000000a3500000, 0x00000000a3600000, 0x00000000a3600000|100%| O|  |TAMS 0x00000000a3600000, 0x00000000a3500000| Untracked 
|  54|0x00000000a3600000, 0x00000000a3700000, 0x00000000a3700000|100%| O|  |TAMS 0x00000000a3700000, 0x00000000a3600000| Untracked 
|  55|0x00000000a3700000, 0x00000000a3800000, 0x00000000a3800000|100%| O|  |TAMS 0x00000000a3800000, 0x00000000a3700000| Untracked 
|  56|0x00000000a3800000, 0x00000000a3900000, 0x00000000a3900000|100%| O|  |TAMS 0x00000000a3900000, 0x00000000a3800000| Untracked 
|  57|0x00000000a3900000, 0x00000000a3a00000, 0x00000000a3a00000|100%| O|  |TAMS 0x00000000a3a00000, 0x00000000a3900000| Untracked 
|  58|0x00000000a3a00000, 0x00000000a3b00000, 0x00000000a3b00000|100%| O|  |TAMS 0x00000000a3b00000, 0x00000000a3a00000| Untracked 
|  59|0x00000000a3b00000, 0x00000000a3c00000, 0x00000000a3c00000|100%| O|  |TAMS 0x00000000a3c00000, 0x00000000a3b00000| Untracked 
|  60|0x00000000a3c00000, 0x00000000a3d00000, 0x00000000a3d00000|100%| O|  |TAMS 0x00000000a3d00000, 0x00000000a3c00000| Untracked 
|  61|0x00000000a3d00000, 0x00000000a3e00000, 0x00000000a3e00000|100%| O|  |TAMS 0x00000000a3d00000, 0x00000000a3d00000| Untracked 
|  62|0x00000000a3e00000, 0x00000000a3f00000, 0x00000000a3f00000|100%| O|  |TAMS 0x00000000a3e00000, 0x00000000a3e00000| Untracked 
|  63|0x00000000a3f00000, 0x00000000a4000000, 0x00000000a4000000|100%| O|  |TAMS 0x00000000a4000000, 0x00000000a3f00000| Untracked 
|  64|0x00000000a4000000, 0x00000000a4100000, 0x00000000a4100000|100%| O|  |TAMS 0x00000000a4000000, 0x00000000a4000000| Untracked 
|  65|0x00000000a4100000, 0x00000000a4200000, 0x00000000a4200000|100%| O|  |TAMS 0x00000000a4200000, 0x00000000a4100000| Untracked 
|  66|0x00000000a4200000, 0x00000000a4300000, 0x00000000a4300000|100%| O|  |TAMS 0x00000000a4300000, 0x00000000a4200000| Untracked 
|  67|0x00000000a4300000, 0x00000000a4400000, 0x00000000a4400000|100%| O|  |TAMS 0x00000000a4400000, 0x00000000a4300000| Untracked 
|  68|0x00000000a4400000, 0x00000000a4500000, 0x00000000a4500000|100%| O|  |TAMS 0x00000000a4400000, 0x00000000a4400000| Untracked 
|  69|0x00000000a4500000, 0x00000000a4600000, 0x00000000a4600000|100%| O|  |TAMS 0x00000000a45ff400, 0x00000000a4500000| Untracked 
|  70|0x00000000a4600000, 0x00000000a4700000, 0x00000000a4700000|100%| O|  |TAMS 0x00000000a4600000, 0x00000000a4600000| Untracked 
|  71|0x00000000a4700000, 0x00000000a4800000, 0x00000000a4800000|100%| O|  |TAMS 0x00000000a4700000, 0x00000000a4700000| Untracked 
|  72|0x00000000a4800000, 0x00000000a4900000, 0x00000000a4900000|100%| O|  |TAMS 0x00000000a4800000, 0x00000000a4800000| Untracked 
|  73|0x00000000a4900000, 0x00000000a4a00000, 0x00000000a4a00000|100%| O|  |TAMS 0x00000000a4900000, 0x00000000a4900000| Untracked 
|  74|0x00000000a4a00000, 0x00000000a4b00000, 0x00000000a4b00000|100%| O|  |TAMS 0x00000000a4a00000, 0x00000000a4a00000| Untracked 
|  75|0x00000000a4b00000, 0x00000000a4c00000, 0x00000000a4c00000|100%|HS|  |TAMS 0x00000000a4b00000, 0x00000000a4b00000| Complete 
|  76|0x00000000a4c00000, 0x00000000a4d00000, 0x00000000a4d00000|100%|HS|  |TAMS 0x00000000a4c00000, 0x00000000a4c00000| Complete 
|  77|0x00000000a4d00000, 0x00000000a4e00000, 0x00000000a4e00000|100%|HS|  |TAMS 0x00000000a4d00000, 0x00000000a4d00000| Complete 
|  78|0x00000000a4e00000, 0x00000000a4f00000, 0x00000000a4f00000|100%| O|  |TAMS 0x00000000a4e00000, 0x00000000a4e00000| Untracked 
|  79|0x00000000a4f00000, 0x00000000a5000000, 0x00000000a5000000|100%| O|  |TAMS 0x00000000a4f00000, 0x00000000a4f00000| Untracked 
|  80|0x00000000a5000000, 0x00000000a5100000, 0x00000000a5100000|100%| O|  |TAMS 0x00000000a5000000, 0x00000000a5000000| Untracked 
|  81|0x00000000a5100000, 0x00000000a5200000, 0x00000000a5200000|100%| O|  |TAMS 0x00000000a5100000, 0x00000000a5100000| Untracked 
|  82|0x00000000a5200000, 0x00000000a5300000, 0x00000000a5300000|100%| O|  |TAMS 0x00000000a5200000, 0x00000000a5200000| Untracked 
|  83|0x00000000a5300000, 0x00000000a5400000, 0x00000000a5400000|100%| O|  |TAMS 0x00000000a5300000, 0x00000000a5300000| Untracked 
|  84|0x00000000a5400000, 0x00000000a5500000, 0x00000000a5500000|100%| O|  |TAMS 0x00000000a5400000, 0x00000000a5400000| Untracked 
|  85|0x00000000a5500000, 0x00000000a5600000, 0x00000000a5600000|100%| O|  |TAMS 0x00000000a5500000, 0x00000000a5500000| Untracked 
|  86|0x00000000a5600000, 0x00000000a5700000, 0x00000000a5700000|100%| O|  |TAMS 0x00000000a5600000, 0x00000000a5600000| Untracked 
|  87|0x00000000a5700000, 0x00000000a5800000, 0x00000000a5800000|100%| O|  |TAMS 0x00000000a5700000, 0x00000000a5700000| Untracked 
|  88|0x00000000a5800000, 0x00000000a5900000, 0x00000000a5900000|100%| O|  |TAMS 0x00000000a5800000, 0x00000000a5800000| Untracked 
|  89|0x00000000a5900000, 0x00000000a5a00000, 0x00000000a5a00000|100%| O|  |TAMS 0x00000000a5900000, 0x00000000a5900000| Untracked 
|  90|0x00000000a5a00000, 0x00000000a5b00000, 0x00000000a5b00000|100%| O|  |TAMS 0x00000000a5a00000, 0x00000000a5a00000| Untracked 
|  91|0x00000000a5b00000, 0x00000000a5c00000, 0x00000000a5c00000|100%| O|  |TAMS 0x00000000a5b00000, 0x00000000a5b00000| Untracked 
|  92|0x00000000a5c00000, 0x00000000a5d00000, 0x00000000a5d00000|100%|HS|  |TAMS 0x00000000a5c00000, 0x00000000a5c00000| Complete 
|  93|0x00000000a5d00000, 0x00000000a5e00000, 0x00000000a5e00000|100%|HC|  |TAMS 0x00000000a5d00000, 0x00000000a5d00000| Complete 
|  94|0x00000000a5e00000, 0x00000000a5f00000, 0x00000000a5f00000|100%|HS|  |TAMS 0x00000000a5e00000, 0x00000000a5e00000| Complete 
|  95|0x00000000a5f00000, 0x00000000a6000000, 0x00000000a6000000|100%| O|  |TAMS 0x00000000a5f00000, 0x00000000a5f00000| Untracked 
|  96|0x00000000a6000000, 0x00000000a6100000, 0x00000000a6100000|100%| O|  |TAMS 0x00000000a6000000, 0x00000000a6000000| Untracked 
|  97|0x00000000a6100000, 0x00000000a6200000, 0x00000000a6200000|100%| O|  |TAMS 0x00000000a6100000, 0x00000000a6100000| Untracked 
|  98|0x00000000a6200000, 0x00000000a6300000, 0x00000000a6300000|100%| O|  |TAMS 0x00000000a6200000, 0x00000000a6200000| Untracked 
|  99|0x00000000a6300000, 0x00000000a6400000, 0x00000000a6400000|100%| O|  |TAMS 0x00000000a6300000, 0x00000000a6300000| Untracked 
| 100|0x00000000a6400000, 0x00000000a6500000, 0x00000000a6500000|100%| O|  |TAMS 0x00000000a6400000, 0x00000000a6400000| Untracked 
| 101|0x00000000a6500000, 0x00000000a6600000, 0x00000000a6600000|100%| O|  |TAMS 0x00000000a6500000, 0x00000000a6500000| Untracked 
| 102|0x00000000a6600000, 0x00000000a6700000, 0x00000000a6700000|100%| O|  |TAMS 0x00000000a6600000, 0x00000000a6600000| Untracked 
| 103|0x00000000a6700000, 0x00000000a6800000, 0x00000000a6800000|100%| O|  |TAMS 0x00000000a6700000, 0x00000000a6700000| Untracked 
| 104|0x00000000a6800000, 0x00000000a6900000, 0x00000000a6900000|100%| O|  |TAMS 0x00000000a6800000, 0x00000000a6800000| Untracked 
| 105|0x00000000a6900000, 0x00000000a6a00000, 0x00000000a6a00000|100%| O|  |TAMS 0x00000000a6900000, 0x00000000a6900000| Untracked 
| 106|0x00000000a6a00000, 0x00000000a6b00000, 0x00000000a6b00000|100%| O|  |TAMS 0x00000000a6a00000, 0x00000000a6a00000| Untracked 
| 107|0x00000000a6b00000, 0x00000000a6c00000, 0x00000000a6c00000|100%| O|  |TAMS 0x00000000a6b00000, 0x00000000a6b00000| Untracked 
| 108|0x00000000a6c00000, 0x00000000a6d00000, 0x00000000a6d00000|100%| O|  |TAMS 0x00000000a6c00000, 0x00000000a6c00000| Untracked 
| 109|0x00000000a6d00000, 0x00000000a6e00000, 0x00000000a6e00000|100%| O|  |TAMS 0x00000000a6d00000, 0x00000000a6d00000| Untracked 
| 110|0x00000000a6e00000, 0x00000000a6f00000, 0x00000000a6f00000|100%| O|  |TAMS 0x00000000a6e00000, 0x00000000a6e00000| Untracked 
| 111|0x00000000a6f00000, 0x00000000a7000000, 0x00000000a7000000|100%| O|  |TAMS 0x00000000a6f00000, 0x00000000a6f00000| Untracked 
| 112|0x00000000a7000000, 0x00000000a7100000, 0x00000000a7100000|100%| O|  |TAMS 0x00000000a7000000, 0x00000000a7000000| Untracked 
| 113|0x00000000a7100000, 0x00000000a7200000, 0x00000000a7200000|100%| O|  |TAMS 0x00000000a7100000, 0x00000000a7100000| Untracked 
| 114|0x00000000a7200000, 0x00000000a7300000, 0x00000000a7300000|100%| O|  |TAMS 0x00000000a7200000, 0x00000000a7200000| Untracked 
| 115|0x00000000a7300000, 0x00000000a7400000, 0x00000000a7400000|100%| O|  |TAMS 0x00000000a7300000, 0x00000000a7300000| Untracked 
| 116|0x00000000a7400000, 0x00000000a7500000, 0x00000000a7500000|100%| O|  |TAMS 0x00000000a7400000, 0x00000000a7400000| Untracked 
| 117|0x00000000a7500000, 0x00000000a7600000, 0x00000000a7600000|100%| O|  |TAMS 0x00000000a7500000, 0x00000000a7500000| Untracked 
| 118|0x00000000a7600000, 0x00000000a7700000, 0x00000000a7700000|100%| O|  |TAMS 0x00000000a7600000, 0x00000000a7600000| Untracked 
| 119|0x00000000a7700000, 0x00000000a7800000, 0x00000000a7800000|100%| O|  |TAMS 0x00000000a7700000, 0x00000000a7700000| Untracked 
| 120|0x00000000a7800000, 0x00000000a7900000, 0x00000000a7900000|100%| O|  |TAMS 0x00000000a7800000, 0x00000000a7800000| Untracked 
| 121|0x00000000a7900000, 0x00000000a7a00000, 0x00000000a7a00000|100%| O|  |TAMS 0x00000000a7900000, 0x00000000a7900000| Untracked 
| 122|0x00000000a7a00000, 0x00000000a7b00000, 0x00000000a7b00000|100%| O|  |TAMS 0x00000000a7a00000, 0x00000000a7a00000| Untracked 
| 123|0x00000000a7b00000, 0x00000000a7c00000, 0x00000000a7c00000|100%| O|  |TAMS 0x00000000a7b00000, 0x00000000a7b00000| Untracked 
| 124|0x00000000a7c00000, 0x00000000a7d00000, 0x00000000a7d00000|100%| O|  |TAMS 0x00000000a7c00000, 0x00000000a7c00000| Untracked 
| 125|0x00000000a7d00000, 0x00000000a7e00000, 0x00000000a7e00000|100%| O|  |TAMS 0x00000000a7d00000, 0x00000000a7d00000| Untracked 
| 126|0x00000000a7e00000, 0x00000000a7f00000, 0x00000000a7f00000|100%| O|  |TAMS 0x00000000a7e00000, 0x00000000a7e00000| Untracked 
| 127|0x00000000a7f00000, 0x00000000a8000000, 0x00000000a8000000|100%| O|  |TAMS 0x00000000a7f00000, 0x00000000a7f00000| Untracked 
| 128|0x00000000a8000000, 0x00000000a8100000, 0x00000000a8100000|100%| O|  |TAMS 0x00000000a8000000, 0x00000000a8000000| Untracked 
| 129|0x00000000a8100000, 0x00000000a8200000, 0x00000000a8200000|100%| O|  |TAMS 0x00000000a8100000, 0x00000000a8100000| Untracked 
| 130|0x00000000a8200000, 0x00000000a8300000, 0x00000000a8300000|100%| O|  |TAMS 0x00000000a8200000, 0x00000000a8200000| Untracked 
| 131|0x00000000a8300000, 0x00000000a8400000, 0x00000000a8400000|100%| O|  |TAMS 0x00000000a8300000, 0x00000000a8300000| Untracked 
| 132|0x00000000a8400000, 0x00000000a8500000, 0x00000000a8500000|100%| O|  |TAMS 0x00000000a8400000, 0x00000000a8400000| Untracked 
| 133|0x00000000a8500000, 0x00000000a8600000, 0x00000000a8600000|100%| O|  |TAMS 0x00000000a8500000, 0x00000000a8500000| Untracked 
| 134|0x00000000a8600000, 0x00000000a8700000, 0x00000000a8700000|100%| O|  |TAMS 0x00000000a8600000, 0x00000000a8600000| Untracked 
| 135|0x00000000a8700000, 0x00000000a8800000, 0x00000000a8800000|100%| O|  |TAMS 0x00000000a8700000, 0x00000000a8700000| Untracked 
| 136|0x00000000a8800000, 0x00000000a8900000, 0x00000000a8900000|100%| O|  |TAMS 0x00000000a8800000, 0x00000000a8800000| Untracked 
| 137|0x00000000a8900000, 0x00000000a8a00000, 0x00000000a8a00000|100%| O|  |TAMS 0x00000000a8900000, 0x00000000a8900000| Untracked 
| 138|0x00000000a8a00000, 0x00000000a8b00000, 0x00000000a8b00000|100%| O|  |TAMS 0x00000000a8a00000, 0x00000000a8a00000| Untracked 
| 139|0x00000000a8b00000, 0x00000000a8c00000, 0x00000000a8c00000|100%| O|  |TAMS 0x00000000a8b00000, 0x00000000a8b00000| Untracked 
| 140|0x00000000a8c00000, 0x00000000a8d00000, 0x00000000a8d00000|100%| O|  |TAMS 0x00000000a8c00000, 0x00000000a8c00000| Untracked 
| 141|0x00000000a8d00000, 0x00000000a8e00000, 0x00000000a8e00000|100%| O|  |TAMS 0x00000000a8d00000, 0x00000000a8d00000| Untracked 
| 142|0x00000000a8e00000, 0x00000000a8f00000, 0x00000000a8f00000|100%| O|  |TAMS 0x00000000a8e00000, 0x00000000a8e00000| Untracked 
| 143|0x00000000a8f00000, 0x00000000a9000000, 0x00000000a9000000|100%| O|  |TAMS 0x00000000a8f00000, 0x00000000a8f00000| Untracked 
| 144|0x00000000a9000000, 0x00000000a9100000, 0x00000000a9100000|100%| O|  |TAMS 0x00000000a9000000, 0x00000000a9000000| Untracked 
| 145|0x00000000a9100000, 0x00000000a9200000, 0x00000000a9200000|100%| O|  |TAMS 0x00000000a9100000, 0x00000000a9100000| Untracked 
| 146|0x00000000a9200000, 0x00000000a9300000, 0x00000000a9300000|100%| O|  |TAMS 0x00000000a9200000, 0x00000000a9200000| Untracked 
| 147|0x00000000a9300000, 0x00000000a9400000, 0x00000000a9400000|100%| O|  |TAMS 0x00000000a9300000, 0x00000000a9300000| Untracked 
| 148|0x00000000a9400000, 0x00000000a9500000, 0x00000000a9500000|100%| O|  |TAMS 0x00000000a9400000, 0x00000000a9400000| Untracked 
| 149|0x00000000a9500000, 0x00000000a9600000, 0x00000000a9600000|100%| O|  |TAMS 0x00000000a9500000, 0x00000000a9500000| Untracked 
| 150|0x00000000a9600000, 0x00000000a9700000, 0x00000000a9700000|100%| O|  |TAMS 0x00000000a9600000, 0x00000000a9600000| Untracked 
| 151|0x00000000a9700000, 0x00000000a9800000, 0x00000000a9800000|100%| O|  |TAMS 0x00000000a9700000, 0x00000000a9700000| Untracked 
| 152|0x00000000a9800000, 0x00000000a9900000, 0x00000000a9900000|100%| O|  |TAMS 0x00000000a9800000, 0x00000000a9800000| Untracked 
| 153|0x00000000a9900000, 0x00000000a9a00000, 0x00000000a9a00000|100%| O|  |TAMS 0x00000000a9900000, 0x00000000a9900000| Untracked 
| 154|0x00000000a9a00000, 0x00000000a9b00000, 0x00000000a9b00000|100%| O|  |TAMS 0x00000000a9a00000, 0x00000000a9a00000| Untracked 
| 155|0x00000000a9b00000, 0x00000000a9c00000, 0x00000000a9c00000|100%| O|  |TAMS 0x00000000a9b00000, 0x00000000a9b00000| Untracked 
| 156|0x00000000a9c00000, 0x00000000a9d00000, 0x00000000a9d00000|100%| O|  |TAMS 0x00000000a9c00000, 0x00000000a9c00000| Untracked 
| 157|0x00000000a9d00000, 0x00000000a9e00000, 0x00000000a9e00000|100%| O|  |TAMS 0x00000000a9d00000, 0x00000000a9d00000| Untracked 
| 158|0x00000000a9e00000, 0x00000000a9f00000, 0x00000000a9f00000|100%| O|  |TAMS 0x00000000a9e00000, 0x00000000a9e00000| Untracked 
| 159|0x00000000a9f00000, 0x00000000aa000000, 0x00000000aa000000|100%| O|  |TAMS 0x00000000a9f00000, 0x00000000a9f00000| Untracked 
| 160|0x00000000aa000000, 0x00000000aa100000, 0x00000000aa100000|100%| O|  |TAMS 0x00000000aa000000, 0x00000000aa000000| Untracked 
| 161|0x00000000aa100000, 0x00000000aa200000, 0x00000000aa200000|100%| O|  |TAMS 0x00000000aa100000, 0x00000000aa100000| Untracked 
| 162|0x00000000aa200000, 0x00000000aa300000, 0x00000000aa300000|100%| O|  |TAMS 0x00000000aa200000, 0x00000000aa200000| Untracked 
| 163|0x00000000aa300000, 0x00000000aa400000, 0x00000000aa400000|100%| O|  |TAMS 0x00000000aa300000, 0x00000000aa300000| Untracked 
| 164|0x00000000aa400000, 0x00000000aa500000, 0x00000000aa500000|100%| O|  |TAMS 0x00000000aa400000, 0x00000000aa400000| Untracked 
| 165|0x00000000aa500000, 0x00000000aa600000, 0x00000000aa600000|100%| O|  |TAMS 0x00000000aa500000, 0x00000000aa500000| Untracked 
| 166|0x00000000aa600000, 0x00000000aa700000, 0x00000000aa700000|100%| O|  |TAMS 0x00000000aa600000, 0x00000000aa600000| Untracked 
| 167|0x00000000aa700000, 0x00000000aa800000, 0x00000000aa800000|100%| O|  |TAMS 0x00000000aa700000, 0x00000000aa700000| Untracked 
| 168|0x00000000aa800000, 0x00000000aa900000, 0x00000000aa900000|100%| O|  |TAMS 0x00000000aa800000, 0x00000000aa800000| Untracked 
| 169|0x00000000aa900000, 0x00000000aaa00000, 0x00000000aaa00000|100%| O|  |TAMS 0x00000000aa900000, 0x00000000aa900000| Untracked 
| 170|0x00000000aaa00000, 0x00000000aab00000, 0x00000000aab00000|100%| O|  |TAMS 0x00000000aaa00000, 0x00000000aaa00000| Untracked 
| 171|0x00000000aab00000, 0x00000000aac00000, 0x00000000aac00000|100%| O|  |TAMS 0x00000000aab00000, 0x00000000aab00000| Untracked 
| 172|0x00000000aac00000, 0x00000000aad00000, 0x00000000aad00000|100%| O|  |TAMS 0x00000000aac00000, 0x00000000aac00000| Untracked 
| 173|0x00000000aad00000, 0x00000000aae00000, 0x00000000aae00000|100%| O|  |TAMS 0x00000000aad00000, 0x00000000aad00000| Untracked 
| 174|0x00000000aae00000, 0x00000000aaf00000, 0x00000000aaf00000|100%| O|  |TAMS 0x00000000aae00000, 0x00000000aae00000| Untracked 
| 175|0x00000000aaf00000, 0x00000000ab000000, 0x00000000ab000000|100%| O|  |TAMS 0x00000000aaf00000, 0x00000000aaf00000| Untracked 
| 176|0x00000000ab000000, 0x00000000ab100000, 0x00000000ab100000|100%| O|  |TAMS 0x00000000ab000000, 0x00000000ab000000| Untracked 
| 177|0x00000000ab100000, 0x00000000ab200000, 0x00000000ab200000|100%| O|  |TAMS 0x00000000ab100000, 0x00000000ab100000| Untracked 
| 178|0x00000000ab200000, 0x00000000ab300000, 0x00000000ab300000|100%| O|  |TAMS 0x00000000ab200000, 0x00000000ab200000| Untracked 
| 179|0x00000000ab300000, 0x00000000ab400000, 0x00000000ab400000|100%| O|  |TAMS 0x00000000ab300000, 0x00000000ab300000| Untracked 
| 180|0x00000000ab400000, 0x00000000ab500000, 0x00000000ab500000|100%| O|  |TAMS 0x00000000ab400000, 0x00000000ab400000| Untracked 
| 181|0x00000000ab500000, 0x00000000ab600000, 0x00000000ab600000|100%| O|  |TAMS 0x00000000ab500000, 0x00000000ab500000| Untracked 
| 182|0x00000000ab600000, 0x00000000ab700000, 0x00000000ab700000|100%| O|  |TAMS 0x00000000ab600000, 0x00000000ab600000| Untracked 
| 183|0x00000000ab700000, 0x00000000ab800000, 0x00000000ab800000|100%| O|  |TAMS 0x00000000ab700000, 0x00000000ab700000| Untracked 
| 184|0x00000000ab800000, 0x00000000ab900000, 0x00000000ab900000|100%| O|  |TAMS 0x00000000ab800000, 0x00000000ab800000| Untracked 
| 185|0x00000000ab900000, 0x00000000aba00000, 0x00000000aba00000|100%| O|  |TAMS 0x00000000ab900000, 0x00000000ab900000| Untracked 
| 186|0x00000000aba00000, 0x00000000abb00000, 0x00000000abb00000|100%| O|  |TAMS 0x00000000aba00000, 0x00000000aba00000| Untracked 
| 187|0x00000000abb00000, 0x00000000abc00000, 0x00000000abc00000|100%| O|  |TAMS 0x00000000abb00000, 0x00000000abb00000| Untracked 
| 188|0x00000000abc00000, 0x00000000abd00000, 0x00000000abd00000|100%| O|  |TAMS 0x00000000abc00000, 0x00000000abc00000| Untracked 
| 189|0x00000000abd00000, 0x00000000abe00000, 0x00000000abe00000|100%| O|  |TAMS 0x00000000abd00000, 0x00000000abd00000| Untracked 
| 190|0x00000000abe00000, 0x00000000abf00000, 0x00000000abf00000|100%| O|  |TAMS 0x00000000abe00000, 0x00000000abe00000| Untracked 
| 191|0x00000000abf00000, 0x00000000ac000000, 0x00000000ac000000|100%| O|  |TAMS 0x00000000abf00000, 0x00000000abf00000| Untracked 
| 192|0x00000000ac000000, 0x00000000ac100000, 0x00000000ac100000|100%| O|  |TAMS 0x00000000ac000000, 0x00000000ac000000| Untracked 
| 193|0x00000000ac100000, 0x00000000ac200000, 0x00000000ac200000|100%| O|  |TAMS 0x00000000ac100000, 0x00000000ac100000| Untracked 
| 194|0x00000000ac200000, 0x00000000ac300000, 0x00000000ac300000|100%| O|  |TAMS 0x00000000ac200000, 0x00000000ac200000| Untracked 
| 195|0x00000000ac300000, 0x00000000ac400000, 0x00000000ac400000|100%| O|  |TAMS 0x00000000ac300000, 0x00000000ac300000| Untracked 
| 196|0x00000000ac400000, 0x00000000ac500000, 0x00000000ac500000|100%| O|  |TAMS 0x00000000ac400000, 0x00000000ac400000| Untracked 
| 197|0x00000000ac500000, 0x00000000ac600000, 0x00000000ac600000|100%| O|  |TAMS 0x00000000ac500000, 0x00000000ac500000| Untracked 
| 198|0x00000000ac600000, 0x00000000ac700000, 0x00000000ac700000|100%| O|  |TAMS 0x00000000ac600000, 0x00000000ac600000| Untracked 
| 199|0x00000000ac700000, 0x00000000ac800000, 0x00000000ac800000|100%| O|  |TAMS 0x00000000ac700000, 0x00000000ac700000| Untracked 
| 200|0x00000000ac800000, 0x00000000ac900000, 0x00000000ac900000|100%| O|  |TAMS 0x00000000ac800000, 0x00000000ac800000| Untracked 
| 201|0x00000000ac900000, 0x00000000aca00000, 0x00000000aca00000|100%| O|  |TAMS 0x00000000ac900000, 0x00000000ac900000| Untracked 
| 202|0x00000000aca00000, 0x00000000acb00000, 0x00000000acb00000|100%| O|  |TAMS 0x00000000aca00000, 0x00000000aca00000| Untracked 
| 203|0x00000000acb00000, 0x00000000acc00000, 0x00000000acc00000|100%| O|  |TAMS 0x00000000acb00000, 0x00000000acb00000| Untracked 
| 204|0x00000000acc00000, 0x00000000acd00000, 0x00000000acd00000|100%| O|  |TAMS 0x00000000acc00000, 0x00000000acc00000| Untracked 
| 205|0x00000000acd00000, 0x00000000ace00000, 0x00000000ace00000|100%| O|  |TAMS 0x00000000acd00000, 0x00000000acd00000| Untracked 
| 206|0x00000000ace00000, 0x00000000acf00000, 0x00000000acf00000|100%| O|  |TAMS 0x00000000ace00000, 0x00000000ace00000| Untracked 
| 207|0x00000000acf00000, 0x00000000ad000000, 0x00000000ad000000|100%| O|  |TAMS 0x00000000acf00000, 0x00000000acf00000| Untracked 
| 208|0x00000000ad000000, 0x00000000ad100000, 0x00000000ad100000|100%| O|  |TAMS 0x00000000ad000000, 0x00000000ad000000| Untracked 
| 209|0x00000000ad100000, 0x00000000ad200000, 0x00000000ad200000|100%| O|  |TAMS 0x00000000ad100000, 0x00000000ad100000| Untracked 
| 210|0x00000000ad200000, 0x00000000ad300000, 0x00000000ad300000|100%| O|  |TAMS 0x00000000ad200000, 0x00000000ad200000| Untracked 
| 211|0x00000000ad300000, 0x00000000ad400000, 0x00000000ad400000|100%| O|  |TAMS 0x00000000ad300000, 0x00000000ad300000| Untracked 
| 212|0x00000000ad400000, 0x00000000ad500000, 0x00000000ad500000|100%| O|  |TAMS 0x00000000ad400000, 0x00000000ad400000| Untracked 
| 213|0x00000000ad500000, 0x00000000ad600000, 0x00000000ad600000|100%| O|  |TAMS 0x00000000ad500000, 0x00000000ad500000| Untracked 
| 214|0x00000000ad600000, 0x00000000ad700000, 0x00000000ad700000|100%| O|  |TAMS 0x00000000ad600000, 0x00000000ad600000| Untracked 
| 215|0x00000000ad700000, 0x00000000ad800000, 0x00000000ad800000|100%| O|  |TAMS 0x00000000ad700000, 0x00000000ad700000| Untracked 
| 216|0x00000000ad800000, 0x00000000ad900000, 0x00000000ad900000|100%| O|  |TAMS 0x00000000ad800000, 0x00000000ad800000| Untracked 
| 217|0x00000000ad900000, 0x00000000ada00000, 0x00000000ada00000|100%| O|  |TAMS 0x00000000ad900000, 0x00000000ad900000| Untracked 
| 218|0x00000000ada00000, 0x00000000adb00000, 0x00000000adb00000|100%| O|  |TAMS 0x00000000ada00000, 0x00000000ada00000| Untracked 
| 219|0x00000000adb00000, 0x00000000adc00000, 0x00000000adc00000|100%| O|  |TAMS 0x00000000adb00000, 0x00000000adb00000| Untracked 
| 220|0x00000000adc00000, 0x00000000add00000, 0x00000000add00000|100%| O|  |TAMS 0x00000000adc00000, 0x00000000adc00000| Untracked 
| 221|0x00000000add00000, 0x00000000ade00000, 0x00000000ade00000|100%| O|  |TAMS 0x00000000add00000, 0x00000000add00000| Untracked 
| 222|0x00000000ade00000, 0x00000000adf00000, 0x00000000adf00000|100%| O|  |TAMS 0x00000000ade00000, 0x00000000ade00000| Untracked 
| 223|0x00000000adf00000, 0x00000000ae000000, 0x00000000ae000000|100%| O|  |TAMS 0x00000000adf00000, 0x00000000adf00000| Untracked 
| 224|0x00000000ae000000, 0x00000000ae100000, 0x00000000ae100000|100%| O|  |TAMS 0x00000000ae000000, 0x00000000ae000000| Untracked 
| 225|0x00000000ae100000, 0x00000000ae200000, 0x00000000ae200000|100%| O|  |TAMS 0x00000000ae100000, 0x00000000ae100000| Untracked 
| 226|0x00000000ae200000, 0x00000000ae300000, 0x00000000ae300000|100%| O|  |TAMS 0x00000000ae200000, 0x00000000ae200000| Untracked 
| 227|0x00000000ae300000, 0x00000000ae400000, 0x00000000ae400000|100%| O|  |TAMS 0x00000000ae300000, 0x00000000ae300000| Untracked 
| 228|0x00000000ae400000, 0x00000000ae500000, 0x00000000ae500000|100%| O|  |TAMS 0x00000000ae400000, 0x00000000ae400000| Untracked 
| 229|0x00000000ae500000, 0x00000000ae600000, 0x00000000ae600000|100%| O|  |TAMS 0x00000000ae500000, 0x00000000ae500000| Untracked 
| 230|0x00000000ae600000, 0x00000000ae700000, 0x00000000ae700000|100%| O|  |TAMS 0x00000000ae600000, 0x00000000ae600000| Untracked 
| 231|0x00000000ae700000, 0x00000000ae800000, 0x00000000ae800000|100%| O|  |TAMS 0x00000000ae700000, 0x00000000ae700000| Untracked 
| 232|0x00000000ae800000, 0x00000000ae900000, 0x00000000ae900000|100%| O|  |TAMS 0x00000000ae800000, 0x00000000ae800000| Untracked 
| 233|0x00000000ae900000, 0x00000000aea00000, 0x00000000aea00000|100%| O|  |TAMS 0x00000000ae900000, 0x00000000ae900000| Untracked 
| 234|0x00000000aea00000, 0x00000000aeb00000, 0x00000000aeb00000|100%| O|  |TAMS 0x00000000aea00000, 0x00000000aea00000| Untracked 
| 235|0x00000000aeb00000, 0x00000000aec00000, 0x00000000aec00000|100%| O|  |TAMS 0x00000000aeb00000, 0x00000000aeb00000| Untracked 
| 236|0x00000000aec00000, 0x00000000aed00000, 0x00000000aed00000|100%| O|  |TAMS 0x00000000aec00000, 0x00000000aec00000| Untracked 
| 237|0x00000000aed00000, 0x00000000aee00000, 0x00000000aee00000|100%| O|  |TAMS 0x00000000aed00000, 0x00000000aed00000| Untracked 
| 238|0x00000000aee00000, 0x00000000aef00000, 0x00000000aef00000|100%| O|  |TAMS 0x00000000aee00000, 0x00000000aee00000| Untracked 
| 239|0x00000000aef00000, 0x00000000af000000, 0x00000000af000000|100%| O|  |TAMS 0x00000000aef00000, 0x00000000aef00000| Untracked 
| 240|0x00000000af000000, 0x00000000af100000, 0x00000000af100000|100%| O|  |TAMS 0x00000000af000000, 0x00000000af000000| Untracked 
| 241|0x00000000af100000, 0x00000000af200000, 0x00000000af200000|100%| O|  |TAMS 0x00000000af100000, 0x00000000af100000| Untracked 
| 242|0x00000000af200000, 0x00000000af300000, 0x00000000af300000|100%| O|  |TAMS 0x00000000af200000, 0x00000000af200000| Untracked 
| 243|0x00000000af300000, 0x00000000af400000, 0x00000000af400000|100%| O|  |TAMS 0x00000000af300000, 0x00000000af300000| Untracked 
| 244|0x00000000af400000, 0x00000000af500000, 0x00000000af500000|100%| O|  |TAMS 0x00000000af400000, 0x00000000af400000| Untracked 
| 245|0x00000000af500000, 0x00000000af600000, 0x00000000af600000|100%| O|  |TAMS 0x00000000af500000, 0x00000000af500000| Untracked 
| 246|0x00000000af600000, 0x00000000af700000, 0x00000000af700000|100%| O|  |TAMS 0x00000000af600000, 0x00000000af600000| Untracked 
| 247|0x00000000af700000, 0x00000000af800000, 0x00000000af800000|100%| O|  |TAMS 0x00000000af700000, 0x00000000af700000| Untracked 
| 248|0x00000000af800000, 0x00000000af900000, 0x00000000af900000|100%| O|  |TAMS 0x00000000af800000, 0x00000000af800000| Untracked 
| 249|0x00000000af900000, 0x00000000afa00000, 0x00000000afa00000|100%| O|  |TAMS 0x00000000af900000, 0x00000000af900000| Untracked 
| 250|0x00000000afa00000, 0x00000000afb00000, 0x00000000afb00000|100%| O|  |TAMS 0x00000000afa00000, 0x00000000afa00000| Untracked 
| 251|0x00000000afb00000, 0x00000000afb00000, 0x00000000afc00000|  0%| F|  |TAMS 0x00000000afb00000, 0x00000000afb00000| Untracked 
| 252|0x00000000afc00000, 0x00000000afc00000, 0x00000000afd00000|  0%| F|  |TAMS 0x00000000afc00000, 0x00000000afc00000| Untracked 
| 253|0x00000000afd00000, 0x00000000afd00000, 0x00000000afe00000|  0%| F|  |TAMS 0x00000000afd00000, 0x00000000afd00000| Untracked 
| 254|0x00000000afe00000, 0x00000000afe00000, 0x00000000aff00000|  0%| F|  |TAMS 0x00000000afe00000, 0x00000000afe00000| Untracked 
| 255|0x00000000aff00000, 0x00000000aff00000, 0x00000000b0000000|  0%| F|  |TAMS 0x00000000aff00000, 0x00000000aff00000| Untracked 
| 256|0x00000000b0000000, 0x00000000b0000000, 0x00000000b0100000|  0%| F|  |TAMS 0x00000000b0000000, 0x00000000b0000000| Untracked 
| 257|0x00000000b0100000, 0x00000000b0100000, 0x00000000b0200000|  0%| F|  |TAMS 0x00000000b0100000, 0x00000000b0100000| Untracked 
| 258|0x00000000b0200000, 0x00000000b0200000, 0x00000000b0300000|  0%| F|  |TAMS 0x00000000b0200000, 0x00000000b0200000| Untracked 
| 259|0x00000000b0300000, 0x00000000b0300000, 0x00000000b0400000|  0%| F|  |TAMS 0x00000000b0300000, 0x00000000b0300000| Untracked 
| 260|0x00000000b0400000, 0x00000000b0400000, 0x00000000b0500000|  0%| F|  |TAMS 0x00000000b0400000, 0x00000000b0400000| Untracked 
| 261|0x00000000b0500000, 0x00000000b0500000, 0x00000000b0600000|  0%| F|  |TAMS 0x00000000b0500000, 0x00000000b0500000| Untracked 
| 262|0x00000000b0600000, 0x00000000b0600000, 0x00000000b0700000|  0%| F|  |TAMS 0x00000000b0600000, 0x00000000b0600000| Untracked 
| 263|0x00000000b0700000, 0x00000000b0700000, 0x00000000b0800000|  0%| F|  |TAMS 0x00000000b0700000, 0x00000000b0700000| Untracked 
| 264|0x00000000b0800000, 0x00000000b0800000, 0x00000000b0900000|  0%| F|  |TAMS 0x00000000b0800000, 0x00000000b0800000| Untracked 
| 265|0x00000000b0900000, 0x00000000b0900000, 0x00000000b0a00000|  0%| F|  |TAMS 0x00000000b0900000, 0x00000000b0900000| Untracked 
| 266|0x00000000b0a00000, 0x00000000b0a00000, 0x00000000b0b00000|  0%| F|  |TAMS 0x00000000b0a00000, 0x00000000b0a00000| Untracked 
| 267|0x00000000b0b00000, 0x00000000b0b00000, 0x00000000b0c00000|  0%| F|  |TAMS 0x00000000b0b00000, 0x00000000b0b00000| Untracked 
| 268|0x00000000b0c00000, 0x00000000b0c00000, 0x00000000b0d00000|  0%| F|  |TAMS 0x00000000b0c00000, 0x00000000b0c00000| Untracked 
| 269|0x00000000b0d00000, 0x00000000b0d00000, 0x00000000b0e00000|  0%| F|  |TAMS 0x00000000b0d00000, 0x00000000b0d00000| Untracked 
| 270|0x00000000b0e00000, 0x00000000b0e00000, 0x00000000b0f00000|  0%| F|  |TAMS 0x00000000b0e00000, 0x00000000b0e00000| Untracked 
| 271|0x00000000b0f00000, 0x00000000b0f00000, 0x00000000b1000000|  0%| F|  |TAMS 0x00000000b0f00000, 0x00000000b0f00000| Untracked 
| 272|0x00000000b1000000, 0x00000000b1000000, 0x00000000b1100000|  0%| F|  |TAMS 0x00000000b1000000, 0x00000000b1000000| Untracked 
| 273|0x00000000b1100000, 0x00000000b1100000, 0x00000000b1200000|  0%| F|  |TAMS 0x00000000b1100000, 0x00000000b1100000| Untracked 
| 274|0x00000000b1200000, 0x00000000b1200000, 0x00000000b1300000|  0%| F|  |TAMS 0x00000000b1200000, 0x00000000b1200000| Untracked 
| 275|0x00000000b1300000, 0x00000000b1300000, 0x00000000b1400000|  0%| F|  |TAMS 0x00000000b1300000, 0x00000000b1300000| Untracked 
| 276|0x00000000b1400000, 0x00000000b1400000, 0x00000000b1500000|  0%| F|  |TAMS 0x00000000b1400000, 0x00000000b1400000| Untracked 
| 277|0x00000000b1500000, 0x00000000b1500000, 0x00000000b1600000|  0%| F|  |TAMS 0x00000000b1500000, 0x00000000b1500000| Untracked 
| 278|0x00000000b1600000, 0x00000000b1600000, 0x00000000b1700000|  0%| F|  |TAMS 0x00000000b1600000, 0x00000000b1600000| Untracked 
| 279|0x00000000b1700000, 0x00000000b1700000, 0x00000000b1800000|  0%| F|  |TAMS 0x00000000b1700000, 0x00000000b1700000| Untracked 
| 280|0x00000000b1800000, 0x00000000b1800000, 0x00000000b1900000|  0%| F|  |TAMS 0x00000000b1800000, 0x00000000b1800000| Untracked 
| 281|0x00000000b1900000, 0x00000000b1900000, 0x00000000b1a00000|  0%| F|  |TAMS 0x00000000b1900000, 0x00000000b1900000| Untracked 
| 282|0x00000000b1a00000, 0x00000000b1a00000, 0x00000000b1b00000|  0%| F|  |TAMS 0x00000000b1a00000, 0x00000000b1a00000| Untracked 
| 283|0x00000000b1b00000, 0x00000000b1b00000, 0x00000000b1c00000|  0%| F|  |TAMS 0x00000000b1b00000, 0x00000000b1b00000| Untracked 
| 284|0x00000000b1c00000, 0x00000000b1c00000, 0x00000000b1d00000|  0%| F|  |TAMS 0x00000000b1c00000, 0x00000000b1c00000| Untracked 
| 285|0x00000000b1d00000, 0x00000000b1d00000, 0x00000000b1e00000|  0%| F|  |TAMS 0x00000000b1d00000, 0x00000000b1d00000| Untracked 
| 286|0x00000000b1e00000, 0x00000000b1e00000, 0x00000000b1f00000|  0%| F|  |TAMS 0x00000000b1e00000, 0x00000000b1e00000| Untracked 
| 287|0x00000000b1f00000, 0x00000000b1f00000, 0x00000000b2000000|  0%| F|  |TAMS 0x00000000b1f00000, 0x00000000b1f00000| Untracked 
| 288|0x00000000b2000000, 0x00000000b2000000, 0x00000000b2100000|  0%| F|  |TAMS 0x00000000b2000000, 0x00000000b2000000| Untracked 
| 289|0x00000000b2100000, 0x00000000b2100000, 0x00000000b2200000|  0%| F|  |TAMS 0x00000000b2100000, 0x00000000b2100000| Untracked 
| 290|0x00000000b2200000, 0x00000000b2200000, 0x00000000b2300000|  0%| F|  |TAMS 0x00000000b2200000, 0x00000000b2200000| Untracked 
| 291|0x00000000b2300000, 0x00000000b2300000, 0x00000000b2400000|  0%| F|  |TAMS 0x00000000b2300000, 0x00000000b2300000| Untracked 
| 292|0x00000000b2400000, 0x00000000b2400000, 0x00000000b2500000|  0%| F|  |TAMS 0x00000000b2400000, 0x00000000b2400000| Untracked 
| 293|0x00000000b2500000, 0x00000000b2500000, 0x00000000b2600000|  0%| F|  |TAMS 0x00000000b2500000, 0x00000000b2500000| Untracked 
| 294|0x00000000b2600000, 0x00000000b26a1070, 0x00000000b2700000| 62%| S|CS|TAMS 0x00000000b2600000, 0x00000000b2600000| Complete 
| 295|0x00000000b2700000, 0x00000000b2700000, 0x00000000b2800000|  0%| F|  |TAMS 0x00000000b2700000, 0x00000000b2700000| Untracked 
| 296|0x00000000b2800000, 0x00000000b2800000, 0x00000000b2900000|  0%| F|  |TAMS 0x00000000b2800000, 0x00000000b2800000| Untracked 
| 297|0x00000000b2900000, 0x00000000b2900000, 0x00000000b2a00000|  0%| F|  |TAMS 0x00000000b2900000, 0x00000000b2900000| Untracked 
| 298|0x00000000b2a00000, 0x00000000b2a00000, 0x00000000b2b00000|  0%| F|  |TAMS 0x00000000b2a00000, 0x00000000b2a00000| Untracked 
| 299|0x00000000b2b00000, 0x00000000b2b00000, 0x00000000b2c00000|  0%| F|  |TAMS 0x00000000b2b00000, 0x00000000b2b00000| Untracked 
| 300|0x00000000b2c00000, 0x00000000b2c00000, 0x00000000b2d00000|  0%| F|  |TAMS 0x00000000b2c00000, 0x00000000b2c00000| Untracked 
| 301|0x00000000b2d00000, 0x00000000b2d00000, 0x00000000b2e00000|  0%| F|  |TAMS 0x00000000b2d00000, 0x00000000b2d00000| Untracked 
| 302|0x00000000b2e00000, 0x00000000b2e00000, 0x00000000b2f00000|  0%| F|  |TAMS 0x00000000b2e00000, 0x00000000b2e00000| Untracked 
| 303|0x00000000b2f00000, 0x00000000b2f00000, 0x00000000b3000000|  0%| F|  |TAMS 0x00000000b2f00000, 0x00000000b2f00000| Untracked 
| 304|0x00000000b3000000, 0x00000000b3000000, 0x00000000b3100000|  0%| F|  |TAMS 0x00000000b3000000, 0x00000000b3000000| Untracked 
| 305|0x00000000b3100000, 0x00000000b3100000, 0x00000000b3200000|  0%| F|  |TAMS 0x00000000b3100000, 0x00000000b3100000| Untracked 
| 306|0x00000000b3200000, 0x00000000b326bb70, 0x00000000b3300000| 42%| E|  |TAMS 0x00000000b3200000, 0x00000000b3200000| Complete 
| 307|0x00000000b3300000, 0x00000000b3400000, 0x00000000b3400000|100%| E|CS|TAMS 0x00000000b3300000, 0x00000000b3300000| Complete 
| 308|0x00000000b3400000, 0x00000000b3500000, 0x00000000b3500000|100%| E|CS|TAMS 0x00000000b3400000, 0x00000000b3400000| Complete 
| 309|0x00000000b3500000, 0x00000000b3600000, 0x00000000b3600000|100%| E|CS|TAMS 0x00000000b3500000, 0x00000000b3500000| Complete 
| 310|0x00000000b3600000, 0x00000000b3700000, 0x00000000b3700000|100%| E|CS|TAMS 0x00000000b3600000, 0x00000000b3600000| Complete 
| 311|0x00000000b3700000, 0x00000000b3800000, 0x00000000b3800000|100%| E|CS|TAMS 0x00000000b3700000, 0x00000000b3700000| Complete 
| 312|0x00000000b3800000, 0x00000000b3900000, 0x00000000b3900000|100%| E|  |TAMS 0x00000000b3800000, 0x00000000b3800000| Complete 
| 313|0x00000000b3900000, 0x00000000b3a00000, 0x00000000b3a00000|100%| E|CS|TAMS 0x00000000b3900000, 0x00000000b3900000| Complete 
| 314|0x00000000b3a00000, 0x00000000b3b00000, 0x00000000b3b00000|100%| E|CS|TAMS 0x00000000b3a00000, 0x00000000b3a00000| Complete 
| 315|0x00000000b3b00000, 0x00000000b3c00000, 0x00000000b3c00000|100%| E|CS|TAMS 0x00000000b3b00000, 0x00000000b3b00000| Complete 
| 316|0x00000000b3c00000, 0x00000000b3d00000, 0x00000000b3d00000|100%| E|CS|TAMS 0x00000000b3c00000, 0x00000000b3c00000| Complete 
| 317|0x00000000b3d00000, 0x00000000b3e00000, 0x00000000b3e00000|100%| E|CS|TAMS 0x00000000b3d00000, 0x00000000b3d00000| Complete 
| 318|0x00000000b3e00000, 0x00000000b3f00000, 0x00000000b3f00000|100%| E|CS|TAMS 0x00000000b3e00000, 0x00000000b3e00000| Complete 
| 319|0x00000000b3f00000, 0x00000000b4000000, 0x00000000b4000000|100%| E|CS|TAMS 0x00000000b3f00000, 0x00000000b3f00000| Complete 

Card table byte_map: [0x000002189f8a0000,0x000002189fba0000] _byte_map_base: 0x000002189f3a0000

Marking Bits (Prev, Next): (CMBitMap*) 0x000002188b6e6860, (CMBitMap*) 0x000002188b6e6820
 Prev Bits: [0x00000218a16a0000, 0x00000218a2ea0000)
 Next Bits: [0x000002189fea0000, 0x00000218a16a0000)

Polling page: 0x000002188b760000

Metaspace:

Usage:
  Non-class:     87.57 MB used.
      Class:     13.39 MB used.
       Both:    100.96 MB used.

Virtual space:
  Non-class space:      128.00 MB reserved,      88.38 MB ( 69%) committed,  2 nodes.
      Class space:        1.00 GB reserved,      14.06 MB (  1%) committed,  1 nodes.
             Both:        1.12 GB reserved,     102.44 MB (  9%) committed. 

Chunk freelists:
   Non-Class:  7.18 MB
       Class:  1.90 MB
        Both:  9.08 MB

MaxMetaspaceSize: unlimited
CompressedClassSpaceSize: 1.00 GB
Initial GC threshold: 21.00 MB
Current GC threshold: 103.12 MB
CDS: off
MetaspaceReclaimPolicy: balanced
 - commit_granule_bytes: 65536.
 - commit_granule_words: 8192.
 - virtual_space_node_default_size: 8388608.
 - enlarge_chunks_in_place: 1.
 - new_chunks_are_fully_committed: 0.
 - uncommit_free_chunks: 1.
 - use_allocation_guard: 0.
 - handle_deallocations: 1.


Internal statistics:

num_allocs_failed_limit: 9.
num_arena_births: 2114.
num_arena_deaths: 0.
num_vsnodes_births: 3.
num_vsnodes_deaths: 0.
num_space_committed: 1639.
num_space_uncommitted: 0.
num_chunks_returned_to_freelist: 9.
num_chunks_taken_from_freelist: 6738.
num_chunk_merges: 3.
num_chunk_splits: 4067.
num_chunks_enlarged: 2219.
num_inconsistent_stats: 0.

CodeHeap 'non-profiled nmethods': size=120000Kb used=9753Kb max_used=9753Kb free=110246Kb
 bounds [0x0000021897600000, 0x0000021897f90000, 0x000002189eb30000]
CodeHeap 'profiled nmethods': size=120000Kb used=26844Kb max_used=26844Kb free=93155Kb
 bounds [0x000002188fb30000, 0x0000021891570000, 0x0000021897060000]
CodeHeap 'non-nmethods': size=5760Kb used=2405Kb max_used=2489Kb free=3354Kb
 bounds [0x0000021897060000, 0x00000218972e0000, 0x0000021897600000]
 total_blobs=15845 nmethods=14916 adapters=841
 compilation: enabled
              stopped_count=0, restarted_count=0
 full_count=0

Compilation events (20 events):
Event: 978.928 Thread 0x00000218a5a99bf0 nmethod 17455 0x0000021891561b10 code [0x0000021891561ca0, 0x0000021891561e58]
Event: 979.248 Thread 0x00000218a5a99bf0 17456       3       java.io.ObjectInputStream$PeekInputStream::peek (49 bytes)
Event: 979.248 Thread 0x00000218a5a99bf0 nmethod 17456 0x0000021891561f10 code [0x00000218915620c0, 0x0000021891562368]
Event: 979.250 Thread 0x00000218a5a99bf0 17457       3       java.io.ObjectStreamClass::hasReadObjectMethod (17 bytes)
Event: 979.251 Thread 0x00000218a5a99bf0 nmethod 17457 0x0000021891562410 code [0x00000218915625c0, 0x00000218915628a8]
Event: 979.252 Thread 0x00000218a5a99bf0 17458       3       java.io.ObjectInputStream::skipCustomData (105 bytes)
Event: 979.253 Thread 0x00000218a5a99bf0 nmethod 17458 0x0000021891562a10 code [0x0000021891562ca0, 0x0000021891563668]
Event: 979.315 Thread 0x00000218a5a99bf0 17459       3       java.util.jar.JarVerifier$VerifierStream::read (107 bytes)
Event: 979.318 Thread 0x00000218a5a99bf0 nmethod 17459 0x0000021891563a10 code [0x0000021891563c00, 0x0000021891564198]
Event: 979.318 Thread 0x00000218a5a99bf0 17460       3       java.util.jar.JarVerifier$VerifierStream::ensureOpen (18 bytes)
Event: 979.318 Thread 0x00000218a5a99bf0 nmethod 17460 0x0000021891564390 code [0x0000021891564540, 0x0000021891564748]
Event: 979.328 Thread 0x00000218a5a99bf0 17461       3       java.io.ObjectStreamClass::hasWriteObjectData (9 bytes)
Event: 979.328 Thread 0x00000218a5a99bf0 nmethod 17461 0x0000021891564810 code [0x00000218915649c0, 0x0000021891564c48]
Event: 979.329 Thread 0x00000218a5a99bf0 17462       3       java.io.ObjectInputStream$BlockDataInputStream::readByte (20 bytes)
Event: 979.329 Thread 0x00000218a5a99bf0 nmethod 17462 0x0000021891564d90 code [0x0000021891564f40, 0x0000021891565178]
Event: 979.341 Thread 0x00000218a5a99bf0 17463       3       sun.security.util.ManifestEntryVerifier::update (48 bytes)
Event: 979.343 Thread 0x00000218a5a99bf0 nmethod 17463 0x0000021891565290 code [0x00000218915654a0, 0x0000021891565cd8]
Event: 979.749 Thread 0x00000218a5a98b40 17464 %     4       sun.security.provider.SHA::implCompress0 @ 27 (506 bytes)
Event: 979.752 Thread 0x00000218a5a99bf0 17465       3       java.io.ObjectStreamClass$FieldReflectorKey::<init> (76 bytes)
Event: 979.753 Thread 0x00000218a5a99bf0 nmethod 17465 0x0000021891565f90 code [0x0000021891566180, 0x0000021891566898]

GC Heap History (20 events):
Event: 50.210 GC heap before
{Heap before GC invocations=64 (full 0):
 garbage-first heap   total 275456K, used 237118K [0x00000000a0000000, 0x0000000100000000)
  region size 1024K, 28 young (28672K), 4 survivors (4096K)
 Metaspace       used 102554K, committed 104000K, reserved 1179648K
  class space    used 13652K, committed 14336K, reserved 1048576K
}
Event: 50.218 GC heap after
{Heap after GC invocations=65 (full 0):
 garbage-first heap   total 275456K, used 215930K [0x00000000a0000000, 0x0000000100000000)
  region size 1024K, 4 young (4096K), 4 survivors (4096K)
 Metaspace       used 102554K, committed 104000K, reserved 1179648K
  class space    used 13652K, committed 14336K, reserved 1048576K
}
Event: 50.432 GC heap before
{Heap before GC invocations=65 (full 0):
 garbage-first heap   total 275456K, used 237434K [0x00000000a0000000, 0x0000000100000000)
  region size 1024K, 26 young (26624K), 4 survivors (4096K)
 Metaspace       used 102647K, committed 104064K, reserved 1179648K
  class space    used 13664K, committed 14336K, reserved 1048576K
}
Event: 50.439 GC heap after
{Heap after GC invocations=66 (full 0):
 garbage-first heap   total 327680K, used 219214K [0x00000000a0000000, 0x0000000100000000)
  region size 1024K, 4 young (4096K), 4 survivors (4096K)
 Metaspace       used 102647K, committed 104064K, reserved 1179648K
  class space    used 13664K, committed 14336K, reserved 1048576K
}
Event: 52.318 GC heap before
{Heap before GC invocations=66 (full 0):
 garbage-first heap   total 327680K, used 270414K [0x00000000a0000000, 0x0000000100000000)
  region size 1024K, 55 young (56320K), 4 survivors (4096K)
 Metaspace       used 102772K, committed 104256K, reserved 1179648K
  class space    used 13670K, committed 14336K, reserved 1048576K
}
Event: 52.327 GC heap after
{Heap after GC invocations=67 (full 0):
 garbage-first heap   total 327680K, used 224125K [0x00000000a0000000, 0x0000000100000000)
  region size 1024K, 5 young (5120K), 5 survivors (5120K)
 Metaspace       used 102772K, committed 104256K, reserved 1179648K
  class space    used 13670K, committed 14336K, reserved 1048576K
}
Event: 52.713 GC heap before
{Heap before GC invocations=67 (full 0):
 garbage-first heap   total 327680K, used 274301K [0x00000000a0000000, 0x0000000100000000)
  region size 1024K, 54 young (55296K), 5 survivors (5120K)
 Metaspace       used 102849K, committed 104320K, reserved 1179648K
  class space    used 13670K, committed 14336K, reserved 1048576K
}
Event: 52.725 GC heap after
{Heap after GC invocations=68 (full 0):
 garbage-first heap   total 327680K, used 231773K [0x00000000a0000000, 0x0000000100000000)
  region size 1024K, 7 young (7168K), 7 survivors (7168K)
 Metaspace       used 102849K, committed 104320K, reserved 1179648K
  class space    used 13670K, committed 14336K, reserved 1048576K
}
Event: 52.966 GC heap before
{Heap before GC invocations=68 (full 0):
 garbage-first heap   total 327680K, used 275805K [0x00000000a0000000, 0x0000000100000000)
  region size 1024K, 50 young (51200K), 7 survivors (7168K)
 Metaspace       used 102882K, committed 104320K, reserved 1179648K
  class space    used 13671K, committed 14336K, reserved 1048576K
}
Event: 52.976 GC heap after
{Heap after GC invocations=69 (full 0):
 garbage-first heap   total 327680K, used 234706K [0x00000000a0000000, 0x0000000100000000)
  region size 1024K, 4 young (4096K), 4 survivors (4096K)
 Metaspace       used 102882K, committed 104320K, reserved 1179648K
  class space    used 13671K, committed 14336K, reserved 1048576K
}
Event: 53.320 GC heap before
{Heap before GC invocations=69 (full 0):
 garbage-first heap   total 327680K, used 277714K [0x00000000a0000000, 0x0000000100000000)
  region size 1024K, 47 young (48128K), 4 survivors (4096K)
 Metaspace       used 102939K, committed 104384K, reserved 1179648K
  class space    used 13672K, committed 14336K, reserved 1048576K
}
Event: 53.331 GC heap after
{Heap after GC invocations=70 (full 0):
 garbage-first heap   total 327680K, used 241517K [0x00000000a0000000, 0x0000000100000000)
  region size 1024K, 6 young (6144K), 6 survivors (6144K)
 Metaspace       used 102939K, committed 104384K, reserved 1179648K
  class space    used 13672K, committed 14336K, reserved 1048576K
}
Event: 53.605 GC heap before
{Heap before GC invocations=70 (full 0):
 garbage-first heap   total 327680K, used 279405K [0x00000000a0000000, 0x0000000100000000)
  region size 1024K, 43 young (44032K), 6 survivors (6144K)
 Metaspace       used 103002K, committed 104448K, reserved 1179648K
  class space    used 13677K, committed 14336K, reserved 1048576K
}
Event: 53.617 GC heap after
{Heap after GC invocations=71 (full 0):
 garbage-first heap   total 327680K, used 247768K [0x00000000a0000000, 0x0000000100000000)
  region size 1024K, 6 young (6144K), 6 survivors (6144K)
 Metaspace       used 103002K, committed 104448K, reserved 1179648K
  class space    used 13677K, committed 14336K, reserved 1048576K
}
Event: 53.871 GC heap before
{Heap before GC invocations=71 (full 0):
 garbage-first heap   total 327680K, used 280536K [0x00000000a0000000, 0x0000000100000000)
  region size 1024K, 38 young (38912K), 6 survivors (6144K)
 Metaspace       used 103050K, committed 104448K, reserved 1179648K
  class space    used 13678K, committed 14336K, reserved 1048576K
}
Event: 53.880 GC heap after
{Heap after GC invocations=72 (full 0):
 garbage-first heap   total 327680K, used 253343K [0x00000000a0000000, 0x0000000100000000)
  region size 1024K, 5 young (5120K), 5 survivors (5120K)
 Metaspace       used 103050K, committed 104448K, reserved 1179648K
  class space    used 13678K, committed 14336K, reserved 1048576K
}
Event: 54.166 GC heap before
{Heap before GC invocations=72 (full 0):
 garbage-first heap   total 327680K, used 279967K [0x00000000a0000000, 0x0000000100000000)
  region size 1024K, 32 young (32768K), 5 survivors (5120K)
 Metaspace       used 103078K, committed 104512K, reserved 1179648K
  class space    used 13679K, committed 14336K, reserved 1048576K
}
Event: 54.174 GC heap after
{Heap after GC invocations=73 (full 0):
 garbage-first heap   total 327680K, used 257261K [0x00000000a0000000, 0x0000000100000000)
  region size 1024K, 4 young (4096K), 4 survivors (4096K)
 Metaspace       used 103078K, committed 104512K, reserved 1179648K
  class space    used 13679K, committed 14336K, reserved 1048576K
}
Event: 780.932 GC heap before
{Heap before GC invocations=73 (full 0):
 garbage-first heap   total 327680K, used 281837K [0x00000000a0000000, 0x0000000100000000)
  region size 1024K, 29 young (29696K), 4 survivors (4096K)
 Metaspace       used 103208K, committed 104704K, reserved 1179648K
  class space    used 13681K, committed 14336K, reserved 1048576K
}
Event: 780.939 GC heap after
{Heap after GC invocations=74 (full 0):
 garbage-first heap   total 327680K, used 257668K [0x00000000a0000000, 0x0000000100000000)
  region size 1024K, 1 young (1024K), 1 survivors (1024K)
 Metaspace       used 103208K, committed 104704K, reserved 1179648K
  class space    used 13681K, committed 14336K, reserved 1048576K
}

Dll operation events (11 events):
Event: 0.013 Loaded shared library C:\Users\Abhishek\.vscode\extensions\redhat.java-1.24.0-win32-x64\jre\17.0.8.1-win32-x86_64\bin\java.dll
Event: 0.285 Loaded shared library C:\Users\Abhishek\.vscode\extensions\redhat.java-1.24.0-win32-x64\jre\17.0.8.1-win32-x86_64\bin\net.dll
Event: 0.288 Loaded shared library C:\Users\Abhishek\.vscode\extensions\redhat.java-1.24.0-win32-x64\jre\17.0.8.1-win32-x86_64\bin\nio.dll
Event: 0.304 Loaded shared library C:\Users\Abhishek\.vscode\extensions\redhat.java-1.24.0-win32-x64\jre\17.0.8.1-win32-x86_64\bin\zip.dll
Event: 1.061 Loaded shared library C:\Users\Abhishek\.vscode\extensions\redhat.java-1.24.0-win32-x64\jre\17.0.8.1-win32-x86_64\bin\jimage.dll
Event: 1.302 Loaded shared library C:\Users\Abhishek\.vscode\extensions\redhat.java-1.24.0-win32-x64\jre\17.0.8.1-win32-x86_64\bin\verify.dll
Event: 1.585 Loaded shared library C:\Users\Abhishek\.gradle\native\e1d6ef7f7dcc3fd88c89a11ec53ec762bb8ba0a96d01ffa2cd45eb1d1d8dd5c5\windows-amd64\native-platform.dll
Event: 2.049 Loaded shared library C:\Users\Abhishek\.gradle\native\0d407fdbe67a94daf76414ababcb853783967236a71b16ec16e742cd7a986fd3\windows-amd64\native-platform-file-events.dll
Event: 4.837 Loaded shared library C:\Users\Abhishek\.vscode\extensions\redhat.java-1.24.0-win32-x64\jre\17.0.8.1-win32-x86_64\bin\management.dll
Event: 4.868 Loaded shared library C:\Users\Abhishek\.vscode\extensions\redhat.java-1.24.0-win32-x64\jre\17.0.8.1-win32-x86_64\bin\management_ext.dll
Event: 5.499 Loaded shared library C:\Users\Abhishek\.vscode\extensions\redhat.java-1.24.0-win32-x64\jre\17.0.8.1-win32-x86_64\bin\sunmscapi.dll

Deoptimization events (20 events):
Event: 978.611 Thread 0x00000218ac3dd360 Uncommon trap: trap_request=0xffffffbe fr.pc=0x0000021897f835c0 relative=0x0000000000000b00
Event: 978.611 Thread 0x00000218ac3dd360 Uncommon trap: reason=profile_predicate action=maybe_recompile pc=0x0000021897f835c0 method=java.math.BigInteger.montReduce([I[III)[I @ 56 c2
Event: 978.611 Thread 0x00000218ac3dd360 DEOPT PACKING pc=0x0000021897f835c0 sp=0x00000026444fa800
Event: 978.611 Thread 0x00000218ac3dd360 DEOPT UNPACKING pc=0x00000218970ba1a3 sp=0x00000026444fa7b8 mode 2
Event: 978.612 Thread 0x00000218ac3dd360 Uncommon trap: trap_request=0xffffffbe fr.pc=0x0000021897f835c0 relative=0x0000000000000b00
Event: 978.612 Thread 0x00000218ac3dd360 Uncommon trap: reason=profile_predicate action=maybe_recompile pc=0x0000021897f835c0 method=java.math.BigInteger.montReduce([I[III)[I @ 56 c2
Event: 978.612 Thread 0x00000218ac3dd360 DEOPT PACKING pc=0x0000021897f835c0 sp=0x00000026444fa800
Event: 978.612 Thread 0x00000218ac3dd360 DEOPT UNPACKING pc=0x00000218970ba1a3 sp=0x00000026444fa7b8 mode 2
Event: 978.612 Thread 0x00000218ac3dd360 Uncommon trap: trap_request=0xffffffbe fr.pc=0x0000021897f835c0 relative=0x0000000000000b00
Event: 978.612 Thread 0x00000218ac3dd360 Uncommon trap: reason=profile_predicate action=maybe_recompile pc=0x0000021897f835c0 method=java.math.BigInteger.montReduce([I[III)[I @ 56 c2
Event: 978.612 Thread 0x00000218ac3dd360 DEOPT PACKING pc=0x0000021897f835c0 sp=0x00000026444fa800
Event: 978.612 Thread 0x00000218ac3dd360 DEOPT UNPACKING pc=0x00000218970ba1a3 sp=0x00000026444fa7b8 mode 2
Event: 978.612 Thread 0x00000218ac3dd360 Uncommon trap: trap_request=0xffffffbe fr.pc=0x0000021897f835c0 relative=0x0000000000000b00
Event: 978.612 Thread 0x00000218ac3dd360 Uncommon trap: reason=profile_predicate action=maybe_recompile pc=0x0000021897f835c0 method=java.math.BigInteger.montReduce([I[III)[I @ 56 c2
Event: 978.612 Thread 0x00000218ac3dd360 DEOPT PACKING pc=0x0000021897f835c0 sp=0x00000026444fa800
Event: 978.613 Thread 0x00000218ac3dd360 DEOPT UNPACKING pc=0x00000218970ba1a3 sp=0x00000026444fa7b8 mode 2
Event: 978.613 Thread 0x00000218ac3dd360 DEOPT PACKING pc=0x00000218907654ff sp=0x00000026444fa7c0
Event: 978.613 Thread 0x00000218ac3dd360 DEOPT UNPACKING pc=0x00000218970bace3 sp=0x00000026444f9c40 mode 0
Event: 978.614 Thread 0x00000218ac3dd360 DEOPT PACKING pc=0x00000218907685b3 sp=0x00000026444fa710
Event: 978.614 Thread 0x00000218ac3dd360 DEOPT UNPACKING pc=0x00000218970bace3 sp=0x00000026444f9b80 mode 0

Classes unloaded (0 events):
No events

Classes redefined (0 events):
No events

Internal exceptions (20 events):
Event: 50.388 Thread 0x00000218aa1c6030 Exception <a 'java/lang/ClassNotFoundException'{0x00000000af9d3200}: org/gradle/util/GradleVersionCustomizer> (0x00000000af9d3200) 
thrown [s\src\hotspot\share\classfile\systemDictionary.cpp, line 256]
Event: 50.394 Thread 0x00000218aa1c6030 Exception <a 'java/lang/ClassNotFoundException'{0x00000000af9f9cf8}: org/gradle/util/internal/DefaultGradleVersionBeanInfo> (0x00000000af9f9cf8) 
thrown [s\src\hotspot\share\classfile\systemDictionary.cpp, line 256]
Event: 50.394 Thread 0x00000218aa1c6030 Exception <a 'java/lang/ClassNotFoundException'{0x00000000af802828}: org/gradle/util/internal/DefaultGradleVersionCustomizer> (0x00000000af802828) 
thrown [s\src\hotspot\share\classfile\systemDictionary.cpp, line 256]
Event: 50.403 Thread 0x00000218aa1c6030 Exception <a 'java/lang/ClassNotFoundException'{0x00000000af725d88}: java/util/TreeSetBeanInfo> (0x00000000af725d88) 
thrown [s\src\hotspot\share\classfile\systemDictionary.cpp, line 256]
Event: 50.403 Thread 0x00000218aa1c6030 Exception <a 'java/lang/ClassNotFoundException'{0x00000000af72a5f8}: java/util/AbstractSetBeanInfo> (0x00000000af72a5f8) 
thrown [s\src\hotspot\share\classfile\systemDictionary.cpp, line 256]
Event: 50.404 Thread 0x00000218aa1c6030 Exception <a 'java/lang/ClassNotFoundException'{0x00000000af72ee60}: java/util/AbstractSetCustomizer> (0x00000000af72ee60) 
thrown [s\src\hotspot\share\classfile\systemDictionary.cpp, line 256]
Event: 50.405 Thread 0x00000218aa1c6030 Exception <a 'java/lang/ClassNotFoundException'{0x00000000af737a10}: java/util/TreeSetCustomizer> (0x00000000af737a10) 
thrown [s\src\hotspot\share\classfile\systemDictionary.cpp, line 256]
Event: 50.426 Thread 0x00000218b5539700 Exception <a 'sun/nio/fs/WindowsException'{0x00000000af7b6bd0}> (0x00000000af7b6bd0) 
thrown [s\src\hotspot\share\prims\jni.cpp, line 516]
Event: 52.027 Thread 0x00000218aa1c6030 Exception <a 'sun/nio/fs/WindowsException'{0x00000000b1f425f0}> (0x00000000b1f425f0) 
thrown [s\src\hotspot\share\prims\jni.cpp, line 516]
Event: 53.290 Thread 0x00000218aa1c6030 Exception <a 'sun/nio/fs/WindowsException'{0x00000000b19151c0}> (0x00000000b19151c0) 
thrown [s\src\hotspot\share\prims\jni.cpp, line 516]
Event: 53.987 Thread 0x00000218b5e60fb0 Exception <a 'sun/nio/fs/WindowsException'{0x00000000b2ec09a8}> (0x00000000b2ec09a8) 
thrown [s\src\hotspot\share\prims\jni.cpp, line 516]
Event: 978.448 Thread 0x00000218ac3dd360 Exception <a 'java/lang/NoSuchMethodError'{0x00000000b34ccc30}: static Lorg/gradle/tooling/internal/consumer/connection/InternalPhasedActionAdapter;.<clinit>()V> (0x00000000b34ccc30) 
thrown [s\src\hotspot\share\prims\jni.cpp, line 1107]
Event: 978.598 Thread 0x00000218ac3dd360 Exception <a 'java/lang/NoSuchMethodError'{0x00000000b34f0d08}: static Lorg/gradle/tooling/internal/consumer/connection/InternalBuildActionAdapter;.<clinit>()V> (0x00000000b34f0d08) 
thrown [s\src\hotspot\share\prims\jni.cpp, line 1107]
Event: 979.748 Thread 0x00000218ac3dd360 Exception <a 'java/lang/NoSuchMethodError'{0x00000000b32255c8}: static Lorg/gradle/tooling/internal/consumer/versioning/VersionDetails;.<clinit>()V> (0x00000000b32255c8) 
thrown [s\src\hotspot\share\prims\jni.cpp, line 1107]
Event: 979.748 Thread 0x00000218ac3dd360 Exception <a 'java/lang/NoSuchMethodError'{0x00000000b32281e8}: static Lorg/gradle/tooling/internal/consumer/versioning/VersionDetails$R26VersionDetails;.<clinit>()V> (0x00000000b32281e8) 
thrown [s\src\hotspot\share\prims\jni.cpp, line 1107]
Event: 979.749 Thread 0x00000218ac3dd360 Exception <a 'java/lang/NoSuchMethodError'{0x00000000b3229760}: static Lorg/gradle/tooling/internal/consumer/versioning/VersionDetails$R28VersionDetails;.<clinit>()V> (0x00000000b3229760) 
thrown [s\src\hotspot\share\prims\jni.cpp, line 1107]
Event: 979.749 Thread 0x00000218ac3dd360 Exception <a 'java/lang/NoSuchMethodError'{0x00000000b322ac68}: static Lorg/gradle/tooling/internal/consumer/versioning/VersionDetails$R35VersionDetails;.<clinit>()V> (0x00000000b322ac68) 
thrown [s\src\hotspot\share\prims\jni.cpp, line 1107]
Event: 979.749 Thread 0x00000218ac3dd360 Exception <a 'java/lang/NoSuchMethodError'{0x00000000b322c338}: static Lorg/gradle/tooling/internal/consumer/versioning/VersionDetails$R44VersionDetails;.<clinit>()V> (0x00000000b322c338) 
thrown [s\src\hotspot\share\prims\jni.cpp, line 1107]
Event: 979.750 Thread 0x00000218ac3dd360 Exception <a 'java/lang/NoSuchMethodError'{0x00000000b322dbd0}: static Lorg/gradle/tooling/internal/consumer/versioning/VersionDetails$R48VersionDetails;.<clinit>()V> (0x00000000b322dbd0) 
thrown [s\src\hotspot\share\prims\jni.cpp, line 1107]
Event: 979.750 Thread 0x00000218ac3dd360 Exception <a 'java/lang/NoSuchMethodError'{0x00000000b322edd0}: static Lorg/gradle/tooling/internal/consumer/versioning/VersionDetails$R51VersionDetails;.<clinit>()V> (0x00000000b322edd0) 
thrown [s\src\hotspot\share\prims\jni.cpp, line 1107]

VM Operations (20 events):
Event: 836.326 Executing VM operation: Cleanup
Event: 836.327 Executing VM operation: Cleanup done
Event: 855.473 Executing VM operation: Cleanup
Event: 855.474 Executing VM operation: Cleanup done
Event: 875.623 Executing VM operation: Cleanup
Event: 875.623 Executing VM operation: Cleanup done
Event: 885.714 Executing VM operation: Cleanup
Event: 885.714 Executing VM operation: Cleanup done
Event: 894.774 Executing VM operation: Cleanup
Event: 894.774 Executing VM operation: Cleanup done
Event: 899.811 Executing VM operation: Cleanup
Event: 899.811 Executing VM operation: Cleanup done
Event: 975.398 Executing VM operation: Cleanup
Event: 975.398 Executing VM operation: Cleanup done
Event: 976.408 Executing VM operation: Cleanup
Event: 976.412 Executing VM operation: Cleanup done
Event: 977.421 Executing VM operation: Cleanup
Event: 978.251 Executing VM operation: Cleanup done
Event: 979.254 Executing VM operation: Cleanup
Event: 979.261 Executing VM operation: Cleanup done

Events (20 events):
Event: 54.019 Thread 0x00000218afe50660 Thread exited: 0x00000218afe50660
Event: 54.019 Thread 0x00000218b5347820 Thread exited: 0x00000218b5347820
Event: 54.019 Thread 0x00000218b5c73730 Thread exited: 0x00000218b5c73730
Event: 54.610 Thread 0x00000218ac3de290 Thread exited: 0x00000218ac3de290
Event: 54.611 Thread 0x00000218ac3dd360 Thread exited: 0x00000218ac3dd360
Event: 54.618 Thread 0x00000218ac3da5d0 Thread exited: 0x00000218ac3da5d0
Event: 54.626 Thread 0x00000218b5e60aa0 Thread exited: 0x00000218b5e60aa0
Event: 54.630 Thread 0x00000218b5e60080 Thread exited: 0x00000218b5e60080
Event: 56.943 Thread 0x00000218b43b4110 Thread exited: 0x00000218b43b4110
Event: 96.505 Thread 0x00000218b4864f80 Thread exited: 0x00000218b4864f80
Event: 106.741 Thread 0x00000218ac3daff0 Thread exited: 0x00000218ac3daff0
Event: 114.626 Thread 0x00000218aa1c6030 Thread exited: 0x00000218aa1c6030
Event: 114.642 Thread 0x00000218ab4bb820 Thread exited: 0x00000218ab4bb820
Event: 975.188 Thread 0x00000218aeccc680 Thread added: 0x00000218aeccc680
Event: 975.257 Thread 0x00000218ac3daff0 Thread added: 0x00000218ac3daff0
Event: 975.495 Thread 0x00000218ac3d96a0 Thread added: 0x00000218ac3d96a0
Event: 975.546 Thread 0x00000218ac3dd360 Thread added: 0x00000218ac3dd360
Event: 975.647 Thread 0x00000218b5539700 Thread added: 0x00000218b5539700
Event: 975.659 Thread 0x00000218b55378a0 Thread added: 0x00000218b55378a0
Event: 975.677 Thread 0x00000218b55382c0 Thread added: 0x00000218b55382c0


Dynamic libraries:
0x00007ff7e73c0000 - 0x00007ff7e73ce000 	C:\Users\Abhishek\.vscode\extensions\redhat.java-1.24.0-win32-x64\jre\17.0.8.1-win32-x86_64\bin\java.exe
0x00007ffe85b90000 - 0x00007ffe85d88000 	C:\Windows\SYSTEM32\ntdll.dll
0x00007ffe84b50000 - 0x00007ffe84c0f000 	C:\Windows\System32\KERNEL32.DLL
0x00007ffe836e0000 - 0x00007ffe839d6000 	C:\Windows\System32\KERNELBASE.dll
0x00007ffe83270000 - 0x00007ffe83370000 	C:\Windows\System32\ucrtbase.dll
0x00007ffe59ad0000 - 0x00007ffe59ae9000 	C:\Users\Abhishek\.vscode\extensions\redhat.java-1.24.0-win32-x64\jre\17.0.8.1-win32-x86_64\bin\VCRUNTIME140.dll
0x00007ffe57410000 - 0x00007ffe57427000 	C:\Users\Abhishek\.vscode\extensions\redhat.java-1.24.0-win32-x64\jre\17.0.8.1-win32-x86_64\bin\jli.dll
0x00007ffe858e0000 - 0x00007ffe85a7d000 	C:\Windows\System32\USER32.dll
0x00007ffe6d990000 - 0x00007ffe6dc2a000 	C:\Windows\WinSxS\amd64_microsoft.windows.common-controls_6595b64144ccf1df_6.0.19041.1110_none_60b5254171f9507e\COMCTL32.dll
0x00007ffe839e0000 - 0x00007ffe83a02000 	C:\Windows\System32\win32u.dll
0x00007ffe84980000 - 0x00007ffe84a1e000 	C:\Windows\System32\msvcrt.dll
0x00007ffe856d0000 - 0x00007ffe856fc000 	C:\Windows\System32\GDI32.dll
0x00007ffe83a10000 - 0x00007ffe83b25000 	C:\Windows\System32\gdi32full.dll
0x00007ffe83640000 - 0x00007ffe836dd000 	C:\Windows\System32\msvcp_win.dll
0x00007ffe84ed0000 - 0x00007ffe84f00000 	C:\Windows\System32\IMM32.DLL
0x00007ffe7a020000 - 0x00007ffe7a02c000 	C:\Users\Abhishek\.vscode\extensions\redhat.java-1.24.0-win32-x64\jre\17.0.8.1-win32-x86_64\bin\vcruntime140_1.dll
0x00007ffe2a0b0000 - 0x00007ffe2a141000 	C:\Users\Abhishek\.vscode\extensions\redhat.java-1.24.0-win32-x64\jre\17.0.8.1-win32-x86_64\bin\msvcp140.dll
0x00007ffdbd090000 - 0x00007ffdbdcdc000 	C:\Users\Abhishek\.vscode\extensions\redhat.java-1.24.0-win32-x64\jre\17.0.8.1-win32-x86_64\bin\server\jvm.dll
0x00007ffe85760000 - 0x00007ffe8580f000 	C:\Windows\System32\ADVAPI32.dll
0x00007ffe83d00000 - 0x00007ffe83d9c000 	C:\Windows\System32\sechost.dll
0x00007ffe83da0000 - 0x00007ffe83ec6000 	C:\Windows\System32\RPCRT4.dll
0x00007ffe82700000 - 0x00007ffe8274b000 	C:\Windows\SYSTEM32\POWRPROF.dll
0x00007ffe5dde0000 - 0x00007ffe5dde9000 	C:\Windows\SYSTEM32\WSOCK32.dll
0x00007ffe77190000 - 0x00007ffe771b7000 	C:\Windows\SYSTEM32\WINMM.dll
0x00007ffe85810000 - 0x00007ffe8587b000 	C:\Windows\System32\WS2_32.dll
0x00007ffe7c390000 - 0x00007ffe7c39a000 	C:\Windows\SYSTEM32\VERSION.dll
0x00007ffe826a0000 - 0x00007ffe826b2000 	C:\Windows\SYSTEM32\UMPDC.dll
0x00007ffe81ab0000 - 0x00007ffe81ac2000 	C:\Windows\SYSTEM32\kernel.appcore.dll
0x00007ffe70fb0000 - 0x00007ffe70fba000 	C:\Users\Abhishek\.vscode\extensions\redhat.java-1.24.0-win32-x64\jre\17.0.8.1-win32-x86_64\bin\jimage.dll
0x00007ffe81000000 - 0x00007ffe811e4000 	C:\Windows\SYSTEM32\DBGHELP.DLL
0x00007ffe6ecb0000 - 0x00007ffe6ece4000 	C:\Windows\SYSTEM32\dbgcore.DLL
0x00007ffe83b60000 - 0x00007ffe83be2000 	C:\Windows\System32\bcryptPrimitives.dll
0x00007ffe4d770000 - 0x00007ffe4d795000 	C:\Users\Abhishek\.vscode\extensions\redhat.java-1.24.0-win32-x64\jre\17.0.8.1-win32-x86_64\bin\java.dll
0x00007ffe48750000 - 0x00007ffe48768000 	C:\Users\Abhishek\.vscode\extensions\redhat.java-1.24.0-win32-x64\jre\17.0.8.1-win32-x86_64\bin\zip.dll
0x00007ffe84f00000 - 0x00007ffe85644000 	C:\Windows\System32\SHELL32.dll
0x00007ffe811f0000 - 0x00007ffe81983000 	C:\Windows\SYSTEM32\windows.storage.dll
0x00007ffe83ed0000 - 0x00007ffe84224000 	C:\Windows\System32\combase.dll
0x00007ffe82cc0000 - 0x00007ffe82cee000 	C:\Windows\SYSTEM32\Wldp.dll
0x00007ffe84710000 - 0x00007ffe847bd000 	C:\Windows\System32\SHCORE.dll
0x00007ffe85700000 - 0x00007ffe85755000 	C:\Windows\System32\shlwapi.dll
0x00007ffe831b0000 - 0x00007ffe831cf000 	C:\Windows\SYSTEM32\profapi.dll
0x00007ffe475d0000 - 0x00007ffe475e9000 	C:\Users\Abhishek\.vscode\extensions\redhat.java-1.24.0-win32-x64\jre\17.0.8.1-win32-x86_64\bin\net.dll
0x00007ffe7dc00000 - 0x00007ffe7dd0a000 	C:\Windows\SYSTEM32\WINHTTP.dll
0x00007ffe82a20000 - 0x00007ffe82a8a000 	C:\Windows\system32\mswsock.dll
0x00007ffe46f90000 - 0x00007ffe46fa5000 	C:\Users\Abhishek\.vscode\extensions\redhat.java-1.24.0-win32-x64\jre\17.0.8.1-win32-x86_64\bin\nio.dll
0x00007ffe6f980000 - 0x00007ffe6f990000 	C:\Users\Abhishek\.vscode\extensions\redhat.java-1.24.0-win32-x64\jre\17.0.8.1-win32-x86_64\bin\verify.dll
0x00007ffe51090000 - 0x00007ffe510b7000 	C:\Users\Abhishek\.gradle\native\e1d6ef7f7dcc3fd88c89a11ec53ec762bb8ba0a96d01ffa2cd45eb1d1d8dd5c5\windows-amd64\native-platform.dll
0x00007ffe13f60000 - 0x00007ffe140a4000 	C:\Users\Abhishek\.gradle\native\0d407fdbe67a94daf76414ababcb853783967236a71b16ec16e742cd7a986fd3\windows-amd64\native-platform-file-events.dll
0x00007ffe7eab0000 - 0x00007ffe7eab9000 	C:\Users\Abhishek\.vscode\extensions\redhat.java-1.24.0-win32-x64\jre\17.0.8.1-win32-x86_64\bin\management.dll
0x00007ffe7ea90000 - 0x00007ffe7ea9b000 	C:\Users\Abhishek\.vscode\extensions\redhat.java-1.24.0-win32-x64\jre\17.0.8.1-win32-x86_64\bin\management_ext.dll
0x00007ffe847c0000 - 0x00007ffe847c8000 	C:\Windows\System32\PSAPI.DLL
0x00007ffe82c10000 - 0x00007ffe82c28000 	C:\Windows\SYSTEM32\CRYPTSP.dll
0x00007ffe822d0000 - 0x00007ffe82304000 	C:\Windows\system32\rsaenh.dll
0x00007ffe83b30000 - 0x00007ffe83b57000 	C:\Windows\System32\bcrypt.dll
0x00007ffe83170000 - 0x00007ffe8319e000 	C:\Windows\SYSTEM32\USERENV.dll
0x00007ffe82c30000 - 0x00007ffe82c3c000 	C:\Windows\SYSTEM32\CRYPTBASE.dll
0x00007ffe826c0000 - 0x00007ffe826fc000 	C:\Windows\SYSTEM32\IPHLPAPI.DLL
0x00007ffe84c10000 - 0x00007ffe84c18000 	C:\Windows\System32\NSI.dll
0x00007ffe76a70000 - 0x00007ffe76a87000 	C:\Windows\SYSTEM32\dhcpcsvc6.DLL
0x00007ffe79000000 - 0x00007ffe7901d000 	C:\Windows\SYSTEM32\dhcpcsvc.DLL
0x00007ffe82760000 - 0x00007ffe8282a000 	C:\Windows\SYSTEM32\DNSAPI.dll
0x00007ffe7d360000 - 0x00007ffe7d36e000 	C:\Users\Abhishek\.vscode\extensions\redhat.java-1.24.0-win32-x64\jre\17.0.8.1-win32-x86_64\bin\sunmscapi.dll
0x00007ffe834e0000 - 0x00007ffe8363e000 	C:\Windows\System32\CRYPT32.dll
0x00007ffe82d30000 - 0x00007ffe82d58000 	C:\Windows\SYSTEM32\ncrypt.dll
0x00007ffe82cf0000 - 0x00007ffe82d2b000 	C:\Windows\SYSTEM32\NTASN1.dll
0x00007ffe25510000 - 0x00007ffe25517000 	C:\Windows\system32\wshunix.dll
0x00007ffe51db0000 - 0x00007ffe51dc7000 	C:\Windows\system32\napinsp.dll
0x00007ffe51d90000 - 0x00007ffe51dab000 	C:\Windows\system32\pnrpnsp.dll
0x00007ffe7e2f0000 - 0x00007ffe7e305000 	C:\Windows\system32\wshbth.dll
0x00007ffe7e8d0000 - 0x00007ffe7e8ed000 	C:\Windows\system32\NLAapi.dll
0x00007ffe51a00000 - 0x00007ffe51a12000 	C:\Windows\System32\winrnr.dll
0x0000000069d30000 - 0x0000000069d65000 	C:\Program Files\Bonjour\mdnsNSP.dll
0x00007ffe7b430000 - 0x00007ffe7b43a000 	C:\Windows\System32\rasadhlp.dll
0x00007ffe726c0000 - 0x00007ffe72742000 	C:\Windows\System32\fwpuclnt.dll

dbghelp: loaded successfully - version: 4.0.5 - missing functions: none
symbol engine: initialized successfully - sym options: 0x614 - pdb path: .;C:\Users\Abhishek\.vscode\extensions\redhat.java-1.24.0-win32-x64\jre\17.0.8.1-win32-x86_64\bin;C:\Windows\SYSTEM32;C:\Windows\WinSxS\amd64_microsoft.windows.common-controls_6595b64144ccf1df_6.0.19041.1110_none_60b5254171f9507e;C:\Users\Abhishek\.vscode\extensions\redhat.java-1.24.0-win32-x64\jre\17.0.8.1-win32-x86_64\bin\server;C:\Users\Abhishek\.gradle\native\e1d6ef7f7dcc3fd88c89a11ec53ec762bb8ba0a96d01ffa2cd45eb1d1d8dd5c5\windows-amd64;C:\Users\Abhishek\.gradle\native\0d407fdbe67a94daf76414ababcb853783967236a71b16ec16e742cd7a986fd3\windows-amd64;C:\Program Files\Bonjour

VM Arguments:
jvm_args: --add-opens=java.base/java.util=ALL-UNNAMED --add-opens=java.base/java.lang=ALL-UNNAMED --add-opens=java.base/java.lang.invoke=ALL-UNNAMED --add-opens=java.base/java.util=ALL-UNNAMED --add-opens=java.prefs/java.util.prefs=ALL-UNNAMED --add-opens=java.prefs/java.util.prefs=ALL-UNNAMED --add-opens=java.base/java.nio.charset=ALL-UNNAMED --add-opens=java.base/java.net=ALL-UNNAMED --add-opens=java.base/java.util.concurrent.atomic=ALL-UNNAMED -Xmx1536M -Dfile.encoding=utf8 -Duser.country=IN -Duser.language=en -Duser.variant 
java_command: org.gradle.launcher.daemon.bootstrap.GradleDaemon 7.4
java_class_path (initial): C:\Users\Abhishek\.gradle\wrapper\dists\gradle-7.4-all\aadb4xli5jkdsnukm30eibyiu\gradle-7.4\lib\gradle-launcher-7.4.jar
Launcher Type: SUN_STANDARD

[Global flags]
     intx CICompilerCount                          = 4                                         {product} {ergonomic}
     uint ConcGCThreads                            = 2                                         {product} {ergonomic}
     uint G1ConcRefinementThreads                  = 8                                         {product} {ergonomic}
   size_t G1HeapRegionSize                         = 1048576                                   {product} {ergonomic}
    uintx GCDrainStackTargetSize                   = 64                                        {product} {ergonomic}
   size_t InitialHeapSize                          = 130023424                                 {product} {ergonomic}
   size_t MarkStackSize                            = 4194304                                   {product} {ergonomic}
   size_t MaxHeapSize                              = 1610612736                                {product} {command line}
   size_t MaxNewSize                               = 965738496                                 {product} {ergonomic}
   size_t MinHeapDeltaBytes                        = 1048576                                   {product} {ergonomic}
   size_t MinHeapSize                              = 8388608                                   {product} {ergonomic}
    uintx NonNMethodCodeHeapSize                   = 5839372                                {pd product} {ergonomic}
    uintx NonProfiledCodeHeapSize                  = 122909434                              {pd product} {ergonomic}
    uintx ProfiledCodeHeapSize                     = 122909434                              {pd product} {ergonomic}
    uintx ReservedCodeCacheSize                    = 251658240                              {pd product} {ergonomic}
     bool SegmentedCodeCache                       = true                                      {product} {ergonomic}
   size_t SoftMaxHeapSize                          = 1610612736                             {manageable} {ergonomic}
     bool UseCompressedClassPointers               = true                           {product lp64_product} {ergonomic}
     bool UseCompressedOops                        = true                           {product lp64_product} {ergonomic}
     bool UseG1GC                                  = true                                      {product} {ergonomic}
     bool UseLargePagesIndividualAllocation        = false                                  {pd product} {ergonomic}

Logging:
Log output configuration:
 #0: stdout all=warning uptime,level,tags
 #1: stderr all=off uptime,level,tags

Environment Variables:
JAVA_HOME=C:\Program Files\Java\jdk-19
PATH=C:\Program Files\Common Files\Oracle\Java\javapath;C:\Program Files (x86)\Common Files\Oracle\Java\javapath;C:\Windows\system32;C:\Windows;C:\Windows\System32\Wbem;C:\Windows\System32\WindowsPowerShell\v1.0\;C:\Windows\System32\OpenSSH\;C:\Program Files\NVIDIA Corporation\NVIDIA NvDLISR;C:\MinGW\bin;C:\Program Files\Java\jdk-17.0.1\bin;C:\MinGW\bin;C:\Program Files\Git\cmd;C:\Program Files (x86)\HP\IdrsOCR_15.4.1203.0\;C:\Program Files\dotnet\;C:\Program Files\nodejs\;C:\Program Files\Java\jdk-19\bin;C:\Program Files\MySQL\MySQL Shell 8.0\bin\;C:\Users\Abhishek\AppData\Local\Programs\Python\Python310\Scripts\;C:\Users\Abhishek\AppData\Local\Programs\Python\Python310\;C:\Users\Abhishek\AppData\Local\Microsoft\WindowsApps;C:\Users\Abhishek\AppData\Local\Programs\Microsoft VS Code\bin;C:\MinGW\bin;C:\Users\Abhishek\AppData\Roaming\npm;C:\Program Files\MongoDB\Server\5.0;C:\Users\Abhishek\AppData\Local\GitHubDesktop\bin;D:\flutter\bin;C:\Program Files\Java\jdk-17.0.2\bin;C:\Users\Abhishek\.dotnet\tools
USERNAME=Abhishek
OS=Windows_NT
PROCESSOR_IDENTIFIER=Intel64 Family 6 Model 140 Stepping 1, GenuineIntel
TMP=C:\Users\Abhishek\AppData\Local\Temp
TEMP=C:\Users\Abhishek\AppData\Local\Temp



---------------  S Y S T E M  ---------------

OS:
 Windows 10 , 64 bit Build 19041 (10.0.19041.3031)
OS uptime: 4 days 15:45 hours

CPU: total 8 (initial active 8) (4 cores per cpu, 2 threads per core) family 6 model 140 stepping 1 microcode 0xac, cx8, cmov, fxsr, ht, mmx, 3dnowpref, sse, sse2, sse3, ssse3, sse4.1, sse4.2, popcnt, lzcnt, tsc, tscinvbit, avx, avx2, aes, erms, clmul, bmi1, bmi2, adx, avx512f, avx512dq, avx512cd, avx512bw, avx512vl, sha, fma, vzeroupper, avx512_vpopcntdq, avx512_vpclmulqdq, avx512_vaes, avx512_vnni, clflush, clflushopt, clwb, avx512_vbmi2, avx512_vbmi
Processor Information for processor 0
  Max Mhz: 2419, Current Mhz: 2419, Mhz Limit: 2419
Processor Information for processor 1
  Max Mhz: 2419, Current Mhz: 2419, Mhz Limit: 2419
Processor Information for processor 2
  Max Mhz: 2419, Current Mhz: 1411, Mhz Limit: 2419
Processor Information for processor 3
  Max Mhz: 2419, Current Mhz: 2419, Mhz Limit: 2419
Processor Information for processor 4
  Max Mhz: 2419, Current Mhz: 2419, Mhz Limit: 2419
Processor Information for processor 5
  Max Mhz: 2419, Current Mhz: 2419, Mhz Limit: 2419
Processor Information for processor 6
  Max Mhz: 2419, Current Mhz: 2419, Mhz Limit: 2419
Processor Information for processor 7
  Max Mhz: 2419, Current Mhz: 2419, Mhz Limit: 2419

Memory: 4k page, system-wide physical 7926M (256M free)
TotalPageFile size 19848M (AvailPageFile size 94M)
current process WorkingSet (physical memory assigned to process): 118M, peak: 537M
current process commit charge ("private bytes"): 645M, peak: 669M

vm_info: OpenJDK 64-Bit Server VM (17.0.8.1+1) for windows-amd64 JRE (17.0.8.1+1), built on Aug 23 2023 15:29:17 by "admin" with MS VC++ 16.7 (VS2019)

END.
